#
# A fatal error has been detected by the Java Runtime Environment:
#
#  EXCEPTION_ACCESS_VIOLATION (0xc0000005) at pc=0x00007ffa41c9ff0e, pid=24788, tid=15468
#
# JRE version: OpenJDK Runtime Environment Temurin-17.0.8.1+1 (17.0.8.1+1) (build 17.0.8.1+1)
# Java VM: OpenJDK 64-Bit Server VM Temurin-17.0.8.1+1 (17.0.8.1+1, mixed mode, sharing, tiered, compressed oops, compressed class ptrs, g1 gc, windows-amd64)
# Problematic frame:
# C  [nvoglv64.dll+0x113ff0e]
#
# No core dump will be written. Minidumps are not enabled by default on client versions of Windows
#
# If you would like to submit a bug report, please visit:
#   https://github.com/adoptium/adoptium-support/issues
# The crash happened outside the Java Virtual Machine in native code.
# See problematic frame for where to report the bug.
#

---------------  S U M M A R Y ------------

Command Line: -Dfile.encoding=windows-1252 -Duser.country=IT -Duser.language=it -Duser.variant com.zano.test.Launcher

Host: AMD Ryzen 5 5600X 6-Core Processor             , 12 cores, 15G,  Windows 10 , 64 bit Build 19041 (10.0.19041.3636)
Time: Tue Dec 26 20:17:18 2023 ora solare Europa occidentale elapsed time: 1.229937 seconds (0d 0h 0m 1s)

---------------  T H R E A D  ---------------

Current thread (0x0000020e08a1a2f0):  JavaThread "main" [_thread_in_native, id=15468, stack(0x000000848a900000,0x000000848aa00000)]

Stack: [0x000000848a900000,0x000000848aa00000],  sp=0x000000848a9fed88,  free space=1019k
Native frames: (J=compiled Java code, j=interpreted, Vv=VM code, C=native code)
C  [nvoglv64.dll+0x113ff0e]

Java frames: (J=compiled Java code, j=interpreted, Vv=VM code)
j  org.lwjgl.opengl.GL11C.glDrawArrays(III)V+0
j  org.lwjgl.opengl.GL11.glDrawArrays(III)V+3
j  com.zano.core.skybox.SkyboxRender.render(Lcom/zano/core/Camera;Lcom/zano/core/WindowsManager;)V+70
j  com.zano.core.render.MasterRender.render(Lcom/zano/core/Camera;Ljava/util/List;)V+181
j  com.zano.test.TestGame.render()V+49
j  com.zano.core.EngineManager.render()V+4
j  com.zano.core.EngineManager.run()V+144
j  com.zano.core.EngineManager.start()V+13
j  com.zano.test.Launcher.main([Ljava/lang/String;)V+38
v  ~StubRoutines::call_stub

siginfo: EXCEPTION_ACCESS_VIOLATION (0xc0000005), reading address 0x0000000000000000


Register to memory mapping:

RIP=0x00007ffa41c9ff0e nvoglv64.dll
RAX=0x0000020e74596820 points into unknown readable memory: 0x0000000000000000 | 00 00 00 00 00 00 00 00
RBX=0x00000000000002a0 is an unknown value
RCX=0x00000000000006c0 is an unknown value
RDX=0xfffffdf18ba697e0 is an unknown value
RSP=0x000000848a9fed88 is pointing into the stack for thread: 0x0000020e08a1a2f0
RBP=0x0000000000000002 is an unknown value
RSI=0x0 is NULL
RDI=0x0000020e74596820 points into unknown readable memory: 0x0000000000000000 | 00 00 00 00 00 00 00 00
R8 =0x00000000000006c0 is an unknown value
R9 =0x000000000000006c is an unknown value
R10=0x0 is NULL
R11=0x0000020e74596820 points into unknown readable memory: 0x0000000000000000 | 00 00 00 00 00 00 00 00
R12=0x0 is NULL
R13=0x00007ffa40b60000 nvoglv64.dll
R14=0x0000000000000001 is an unknown value
R15=0x0000020e76123438 points into unknown readable memory: 0x0000000100000006 | 06 00 00 00 01 00 00 00


Registers:
RAX=0x0000020e74596820, RBX=0x00000000000002a0, RCX=0x00000000000006c0, RDX=0xfffffdf18ba697e0
RSP=0x000000848a9fed88, RBP=0x0000000000000002, RSI=0x0000000000000000, RDI=0x0000020e74596820
R8 =0x00000000000006c0, R9 =0x000000000000006c, R10=0x0000000000000000, R11=0x0000020e74596820
R12=0x0000000000000000, R13=0x00007ffa40b60000, R14=0x0000000000000001, R15=0x0000020e76123438
RIP=0x00007ffa41c9ff0e, EFLAGS=0x0000000000010202

Top of Stack: (sp=0x000000848a9fed88)
0x000000848a9fed88:   000000000000006c 0000020e74596820
0x000000848a9fed98:   00007ffa416d986c 0000000000000000
0x000000848a9feda8:   0000020e192094fe 0000020e192094fe
0x000000848a9fedb8:   00007ffa4154910b 0000000000000000
0x000000848a9fedc8:   0000000000000000 0000000000000000
0x000000848a9fedd8:   000000000036810b 0000020e76123438
0x000000848a9fede8:   00007ffa416da77b 0000020e76121080
0x000000848a9fedf8:   0000000000000004 000000000000006c
0x000000848a9fee08:   0000020e1920d48e 0000020e08a1a2f0
0x000000848a9fee18:   000000848a9feef0 0000020e70620f70
0x000000848a9fee28:   0000000000000000 0000020e192094fe
0x000000848a9fee38:   0000020e1920d621 0000020e70620f78
0x000000848a9fee48:   000000848a9feec0 0000020e6f887e20
0x000000848a9fee58:   0000020e6f887e20 0000020e0000006c
0x000000848a9fee68:   000000848a9feee0 0000020e1920d2f6
0x000000848a9fee78:   000000848a9fee78 0000020e70620f70 

Instructions: (pc=0x00007ffa41c9ff0e)
0x00007ffa41c9fe0e:   cc cc cc cc cc cc cc cc 66 66 0f 1f 84 00 00 00
0x00007ffa41c9fe1e:   00 00 48 2b d1 49 83 f8 08 72 22 f6 c1 07 74 14
0x00007ffa41c9fe2e:   66 90 8a 01 3a 04 11 75 2c 48 ff c1 49 ff c8 f6
0x00007ffa41c9fe3e:   c1 07 75 ee 4d 8b c8 49 c1 e9 03 75 1f 4d 85 c0
0x00007ffa41c9fe4e:   74 0f 8a 01 3a 04 11 75 0c 48 ff c1 49 ff c8 75
0x00007ffa41c9fe5e:   f1 48 33 c0 c3 1b c0 83 d8 ff c3 90 49 c1 e9 02
0x00007ffa41c9fe6e:   74 37 48 8b 01 48 3b 04 11 75 5b 48 8b 41 08 48
0x00007ffa41c9fe7e:   3b 44 11 08 75 4c 48 8b 41 10 48 3b 44 11 10 75
0x00007ffa41c9fe8e:   3d 48 8b 41 18 48 3b 44 11 18 75 2e 48 83 c1 20
0x00007ffa41c9fe9e:   49 ff c9 75 cd 49 83 e0 1f 4d 8b c8 49 c1 e9 03
0x00007ffa41c9feae:   74 9b 48 8b 01 48 3b 04 11 75 1b 48 83 c1 08 49
0x00007ffa41c9febe:   ff c9 75 ee 49 83 e0 07 eb 83 48 83 c1 08 48 83
0x00007ffa41c9fece:   c1 08 48 83 c1 08 48 8b 0c 0a 48 0f c8 48 0f c9
0x00007ffa41c9fede:   48 3b c1 1b c0 83 d8 ff c3 cc cc cc cc cc cc cc
0x00007ffa41c9feee:   cc cc cc cc cc cc cc cc 66 66 0f 1f 84 00 00 00
0x00007ffa41c9fefe:   00 00 57 56 49 8b c3 48 8b f9 49 8b c8 49 8b f2
0x00007ffa41c9ff0e:   f3 a4 5e 5f c3 cc cc cc cc cc cc 0f 1f 80 00 00
0x00007ffa41c9ff1e:   00 00 4c 8b d9 4c 8b d2 49 83 f8 10 76 54 49 83
0x00007ffa41c9ff2e:   f8 20 76 2e 48 2b d1 73 0d 4b 8d 04 10 48 3b c8
0x00007ffa41c9ff3e:   0f 82 dc 02 00 00 49 81 f8 80 00 00 00 0f 86 0f
0x00007ffa41c9ff4e:   02 00 00 f6 05 40 f8 9f 01 02 0f 84 52 01 00 00
0x00007ffa41c9ff5e:   eb a0 0f 10 02 42 0f 10 4c 02 f0 0f 11 01 42 0f
0x00007ffa41c9ff6e:   11 4c 01 f0 48 8b c1 c3 66 66 0f 1f 84 00 00 00
0x00007ffa41c9ff7e:   00 00 48 8b c1 4c 8d 0d 76 00 ec fe 43 8b 8c 81
0x00007ffa41c9ff8e:   10 9a c8 02 49 03 c9 ff e1 66 0f 1f 84 00 00 00
0x00007ffa41c9ff9e:   00 00 c3 0f b7 0a 66 89 08 c3 48 8b 0a 48 89 08
0x00007ffa41c9ffae:   c3 0f b7 0a 44 0f b6 42 02 66 89 08 44 88 40 02
0x00007ffa41c9ffbe:   c3 0f b6 0a 88 08 c3 f3 0f 6f 02 f3 0f 7f 00 c3
0x00007ffa41c9ffce:   66 90 4c 8b 02 0f b7 4a 08 44 0f b6 4a 0a 4c 89
0x00007ffa41c9ffde:   00 66 89 48 08 44 88 48 0a c3 8b 0a 89 08 c3 0f
0x00007ffa41c9ffee:   1f 00 8b 0a 44 0f b6 42 04 89 08 44 88 40 04 c3
0x00007ffa41c9fffe:   66 90 8b 0a 44 0f b7 42 04 89 08 66 44 89 40 04 


Stack slot to memory mapping:
stack at sp + 0 slots: 0x000000000000006c is an unknown value
stack at sp + 1 slots: 0x0000020e74596820 points into unknown readable memory: 0x0000000000000000 | 00 00 00 00 00 00 00 00
stack at sp + 2 slots: 0x00007ffa416d986c nvoglv64.dll
stack at sp + 3 slots: 0x0 is NULL
stack at sp + 4 slots: 0x0000020e192094fe is at code_begin+1118 in an Interpreter codelet
return entry points  [0x0000020e192090a0, 0x0000020e19209ba0]  2816 bytes
stack at sp + 5 slots: 0x0000020e192094fe is at code_begin+1118 in an Interpreter codelet
return entry points  [0x0000020e192090a0, 0x0000020e19209ba0]  2816 bytes
stack at sp + 6 slots: 0x00007ffa4154910b nvoglv64.dll
stack at sp + 7 slots: 0x0 is NULL


---------------  P R O C E S S  ---------------

Threads class SMR info:
_java_thread_list=0x0000020e748dc190, length=15, elements={
0x0000020e08a1a2f0, 0x0000020e2d840330, 0x0000020e2d8411b0, 0x0000020e2d858e60,
0x0000020e2d859a20, 0x0000020e2d85c3f0, 0x0000020e2d85cdb0, 0x0000020e2d861fb0,
0x0000020e2d86aa70, 0x0000020e2d86d480, 0x0000020e6f1801f0, 0x0000020e6f188690,
0x0000020e6f37b430, 0x0000020e748542b0, 0x0000020e7c34db70
}

Java Threads: ( => current thread )
=>0x0000020e08a1a2f0 JavaThread "main" [_thread_in_native, id=15468, stack(0x000000848a900000,0x000000848aa00000)]
  0x0000020e2d840330 JavaThread "Reference Handler" daemon [_thread_blocked, id=21388, stack(0x000000848b000000,0x000000848b100000)]
  0x0000020e2d8411b0 JavaThread "Finalizer" daemon [_thread_blocked, id=5588, stack(0x000000848b100000,0x000000848b200000)]
  0x0000020e2d858e60 JavaThread "Signal Dispatcher" daemon [_thread_blocked, id=27288, stack(0x000000848b200000,0x000000848b300000)]
  0x0000020e2d859a20 JavaThread "Attach Listener" daemon [_thread_blocked, id=24240, stack(0x000000848b300000,0x000000848b400000)]
  0x0000020e2d85c3f0 JavaThread "Service Thread" daemon [_thread_blocked, id=1448, stack(0x000000848b400000,0x000000848b500000)]
  0x0000020e2d85cdb0 JavaThread "Monitor Deflation Thread" daemon [_thread_blocked, id=19356, stack(0x000000848b500000,0x000000848b600000)]
  0x0000020e2d861fb0 JavaThread "C2 CompilerThread0" daemon [_thread_in_native, id=9160, stack(0x000000848b600000,0x000000848b700000)]
  0x0000020e2d86aa70 JavaThread "C1 CompilerThread0" daemon [_thread_blocked, id=12588, stack(0x000000848b700000,0x000000848b800000)]
  0x0000020e2d86d480 JavaThread "Sweeper thread" daemon [_thread_blocked, id=19596, stack(0x000000848b800000,0x000000848b900000)]
  0x0000020e6f1801f0 JavaThread "Notification Thread" daemon [_thread_blocked, id=16448, stack(0x000000848b900000,0x000000848ba00000)]
  0x0000020e6f188690 JavaThread "Common-Cleaner" daemon [_thread_blocked, id=2728, stack(0x000000848bb00000,0x000000848bc00000)]
  0x0000020e6f37b430 JavaThread "C2 CompilerThread1" daemon [_thread_in_native, id=11368, stack(0x000000848bc00000,0x000000848bd00000)]
  0x0000020e748542b0 JavaThread "C2 CompilerThread2" daemon [_thread_in_native, id=30040, stack(0x000000848c400000,0x000000848c500000)]
  0x0000020e7c34db70 JavaThread "Java2D Disposer" daemon [_thread_blocked, id=24672, stack(0x000000848c500000,0x000000848c600000)]

Other Threads:
  0x0000020e2d83b810 VMThread "VM Thread" [stack: 0x000000848af00000,0x000000848b000000] [id=6988]
  0x0000020e08a9edb0 WatcherThread [stack: 0x000000848ba00000,0x000000848bb00000] [id=7384]
  0x0000020e08a86610 GCTaskThread "GC Thread#0" [stack: 0x000000848aa00000,0x000000848ab00000] [id=11616]
  0x0000020e7c34e050 GCTaskThread "GC Thread#1" [stack: 0x000000848c600000,0x000000848c700000] [id=6504]
  0x0000020e74b619f0 GCTaskThread "GC Thread#2" [stack: 0x000000848c700000,0x000000848c800000] [id=8704]
  0x0000020e74c52e70 GCTaskThread "GC Thread#3" [stack: 0x000000848c800000,0x000000848c900000] [id=11148]
  0x0000020e7c2503a0 GCTaskThread "GC Thread#4" [stack: 0x000000848c900000,0x000000848ca00000] [id=9276]
  0x0000020e74c53540 GCTaskThread "GC Thread#5" [stack: 0x000000848ca00000,0x000000848cb00000] [id=31192]
  0x0000020e7b7211a0 GCTaskThread "GC Thread#6" [stack: 0x000000848cb00000,0x000000848cc00000] [id=26600]
  0x0000020e74c87b10 GCTaskThread "GC Thread#7" [stack: 0x000000848cc00000,0x000000848cd00000] [id=15008]
  0x0000020e7b879430 GCTaskThread "GC Thread#8" [stack: 0x000000848cd00000,0x000000848ce00000] [id=16956]
  0x0000020e08a973f0 ConcurrentGCThread "G1 Main Marker" [stack: 0x000000848ab00000,0x000000848ac00000] [id=4224]
  0x0000020e08a985a0 ConcurrentGCThread "G1 Conc#0" [stack: 0x000000848ac00000,0x000000848ad00000] [id=19312]
  0x0000020e08ace0c0 ConcurrentGCThread "G1 Refine#0" [stack: 0x000000848ad00000,0x000000848ae00000] [id=3860]
  0x0000020e08aceaf0 ConcurrentGCThread "G1 Service" [stack: 0x000000848ae00000,0x000000848af00000] [id=10936]

Threads with active compile tasks:
C2 CompilerThread0     1262 1130   !   4       java.util.zip.InflaterInputStream::read (138 bytes)
C2 CompilerThread1     1262 1302       4       java.lang.String::split (327 bytes)
C2 CompilerThread2     1262 1123  s    4       java.io.BufferedInputStream::read (113 bytes)

VM state: not at safepoint (normal execution)

VM Mutex/Monitor currently owned by a thread: None

Heap address: 0x0000000701600000, size: 4074 MB, Compressed Oops mode: Zero based, Oop shift amount: 3

CDS archive(s) mapped at: [0x0000020e2e000000-0x0000020e2ebd0000-0x0000020e2ebd0000), size 12386304, SharedBaseAddress: 0x0000020e2e000000, ArchiveRelocationMode: 1.
Compressed class space mapped at: 0x0000020e2f000000-0x0000020e6f000000, reserved size: 1073741824
Narrow klass base: 0x0000020e2e000000, Narrow klass shift: 0, Narrow klass range: 0x100000000

GC Precious Log:
 CPUs: 12 total, 12 available
 Memory: 16292M
 Large Page Support: Disabled
 NUMA Support: Disabled
 Compressed Oops: Enabled (Zero based)
 Heap Region Size: 2M
 Heap Min Capacity: 8M
 Heap Initial Capacity: 256M
 Heap Max Capacity: 4074M
 Pre-touch: Disabled
 Parallel Workers: 10
 Concurrent Workers: 3
 Concurrent Refinement Workers: 10
 Periodic GC: Disabled

Heap:
 garbage-first heap   total 262144K, used 18431K [0x0000000701600000, 0x0000000800000000)
  region size 2048K, 11 young (22528K), 2 survivors (4096K)
 Metaspace       used 8323K, committed 8512K, reserved 1114112K
  class space    used 516K, committed 576K, reserved 1048576K

Heap Regions: E=young(eden), S=young(survivor), O=old, HS=humongous(starts), HC=humongous(continues), CS=collection set, F=free, OA=open archive, CA=closed archive, TAMS=top-at-mark-start (previous, next)
|   0|0x0000000701600000, 0x0000000701600000, 0x0000000701800000|  0%| F|  |TAMS 0x0000000701600000, 0x0000000701600000| Untracked 
|   1|0x0000000701800000, 0x0000000701800000, 0x0000000701a00000|  0%| F|  |TAMS 0x0000000701800000, 0x0000000701800000| Untracked 
|   2|0x0000000701a00000, 0x0000000701a00000, 0x0000000701c00000|  0%| F|  |TAMS 0x0000000701a00000, 0x0000000701a00000| Untracked 
|   3|0x0000000701c00000, 0x0000000701c00000, 0x0000000701e00000|  0%| F|  |TAMS 0x0000000701c00000, 0x0000000701c00000| Untracked 
|   4|0x0000000701e00000, 0x0000000701e00000, 0x0000000702000000|  0%| F|  |TAMS 0x0000000701e00000, 0x0000000701e00000| Untracked 
|   5|0x0000000702000000, 0x0000000702000000, 0x0000000702200000|  0%| F|  |TAMS 0x0000000702000000, 0x0000000702000000| Untracked 
|   6|0x0000000702200000, 0x0000000702200000, 0x0000000702400000|  0%| F|  |TAMS 0x0000000702200000, 0x0000000702200000| Untracked 
|   7|0x0000000702400000, 0x0000000702400000, 0x0000000702600000|  0%| F|  |TAMS 0x0000000702400000, 0x0000000702400000| Untracked 
|   8|0x0000000702600000, 0x0000000702600000, 0x0000000702800000|  0%| F|  |TAMS 0x0000000702600000, 0x0000000702600000| Untracked 
|   9|0x0000000702800000, 0x0000000702800000, 0x0000000702a00000|  0%| F|  |TAMS 0x0000000702800000, 0x0000000702800000| Untracked 
|  10|0x0000000702a00000, 0x0000000702a00000, 0x0000000702c00000|  0%| F|  |TAMS 0x0000000702a00000, 0x0000000702a00000| Untracked 
|  11|0x0000000702c00000, 0x0000000702c00000, 0x0000000702e00000|  0%| F|  |TAMS 0x0000000702c00000, 0x0000000702c00000| Untracked 
|  12|0x0000000702e00000, 0x0000000702e00000, 0x0000000703000000|  0%| F|  |TAMS 0x0000000702e00000, 0x0000000702e00000| Untracked 
|  13|0x0000000703000000, 0x0000000703000000, 0x0000000703200000|  0%| F|  |TAMS 0x0000000703000000, 0x0000000703000000| Untracked 
|  14|0x0000000703200000, 0x0000000703200000, 0x0000000703400000|  0%| F|  |TAMS 0x0000000703200000, 0x0000000703200000| Untracked 
|  15|0x0000000703400000, 0x0000000703400000, 0x0000000703600000|  0%| F|  |TAMS 0x0000000703400000, 0x0000000703400000| Untracked 
|  16|0x0000000703600000, 0x0000000703600000, 0x0000000703800000|  0%| F|  |TAMS 0x0000000703600000, 0x0000000703600000| Untracked 
|  17|0x0000000703800000, 0x0000000703800000, 0x0000000703a00000|  0%| F|  |TAMS 0x0000000703800000, 0x0000000703800000| Untracked 
|  18|0x0000000703a00000, 0x0000000703a00000, 0x0000000703c00000|  0%| F|  |TAMS 0x0000000703a00000, 0x0000000703a00000| Untracked 
|  19|0x0000000703c00000, 0x0000000703c00000, 0x0000000703e00000|  0%| F|  |TAMS 0x0000000703c00000, 0x0000000703c00000| Untracked 
|  20|0x0000000703e00000, 0x0000000703e00000, 0x0000000704000000|  0%| F|  |TAMS 0x0000000703e00000, 0x0000000703e00000| Untracked 
|  21|0x0000000704000000, 0x0000000704000000, 0x0000000704200000|  0%| F|  |TAMS 0x0000000704000000, 0x0000000704000000| Untracked 
|  22|0x0000000704200000, 0x0000000704200000, 0x0000000704400000|  0%| F|  |TAMS 0x0000000704200000, 0x0000000704200000| Untracked 
|  23|0x0000000704400000, 0x0000000704400000, 0x0000000704600000|  0%| F|  |TAMS 0x0000000704400000, 0x0000000704400000| Untracked 
|  24|0x0000000704600000, 0x0000000704600000, 0x0000000704800000|  0%| F|  |TAMS 0x0000000704600000, 0x0000000704600000| Untracked 
|  25|0x0000000704800000, 0x0000000704800000, 0x0000000704a00000|  0%| F|  |TAMS 0x0000000704800000, 0x0000000704800000| Untracked 
|  26|0x0000000704a00000, 0x0000000704a00000, 0x0000000704c00000|  0%| F|  |TAMS 0x0000000704a00000, 0x0000000704a00000| Untracked 
|  27|0x0000000704c00000, 0x0000000704c00000, 0x0000000704e00000|  0%| F|  |TAMS 0x0000000704c00000, 0x0000000704c00000| Untracked 
|  28|0x0000000704e00000, 0x0000000704e00000, 0x0000000705000000|  0%| F|  |TAMS 0x0000000704e00000, 0x0000000704e00000| Untracked 
|  29|0x0000000705000000, 0x0000000705000000, 0x0000000705200000|  0%| F|  |TAMS 0x0000000705000000, 0x0000000705000000| Untracked 
|  30|0x0000000705200000, 0x0000000705200000, 0x0000000705400000|  0%| F|  |TAMS 0x0000000705200000, 0x0000000705200000| Untracked 
|  31|0x0000000705400000, 0x0000000705400000, 0x0000000705600000|  0%| F|  |TAMS 0x0000000705400000, 0x0000000705400000| Untracked 
|  32|0x0000000705600000, 0x0000000705600000, 0x0000000705800000|  0%| F|  |TAMS 0x0000000705600000, 0x0000000705600000| Untracked 
|  33|0x0000000705800000, 0x0000000705800000, 0x0000000705a00000|  0%| F|  |TAMS 0x0000000705800000, 0x0000000705800000| Untracked 
|  34|0x0000000705a00000, 0x0000000705a00000, 0x0000000705c00000|  0%| F|  |TAMS 0x0000000705a00000, 0x0000000705a00000| Untracked 
|  35|0x0000000705c00000, 0x0000000705c00000, 0x0000000705e00000|  0%| F|  |TAMS 0x0000000705c00000, 0x0000000705c00000| Untracked 
|  36|0x0000000705e00000, 0x0000000705e00000, 0x0000000706000000|  0%| F|  |TAMS 0x0000000705e00000, 0x0000000705e00000| Untracked 
|  37|0x0000000706000000, 0x0000000706000000, 0x0000000706200000|  0%| F|  |TAMS 0x0000000706000000, 0x0000000706000000| Untracked 
|  38|0x0000000706200000, 0x0000000706200000, 0x0000000706400000|  0%| F|  |TAMS 0x0000000706200000, 0x0000000706200000| Untracked 
|  39|0x0000000706400000, 0x0000000706400000, 0x0000000706600000|  0%| F|  |TAMS 0x0000000706400000, 0x0000000706400000| Untracked 
|  40|0x0000000706600000, 0x0000000706600000, 0x0000000706800000|  0%| F|  |TAMS 0x0000000706600000, 0x0000000706600000| Untracked 
|  41|0x0000000706800000, 0x0000000706800000, 0x0000000706a00000|  0%| F|  |TAMS 0x0000000706800000, 0x0000000706800000| Untracked 
|  42|0x0000000706a00000, 0x0000000706a00000, 0x0000000706c00000|  0%| F|  |TAMS 0x0000000706a00000, 0x0000000706a00000| Untracked 
|  43|0x0000000706c00000, 0x0000000706c00000, 0x0000000706e00000|  0%| F|  |TAMS 0x0000000706c00000, 0x0000000706c00000| Untracked 
|  44|0x0000000706e00000, 0x0000000706e00000, 0x0000000707000000|  0%| F|  |TAMS 0x0000000706e00000, 0x0000000706e00000| Untracked 
|  45|0x0000000707000000, 0x0000000707000000, 0x0000000707200000|  0%| F|  |TAMS 0x0000000707000000, 0x0000000707000000| Untracked 
|  46|0x0000000707200000, 0x0000000707200000, 0x0000000707400000|  0%| F|  |TAMS 0x0000000707200000, 0x0000000707200000| Untracked 
|  47|0x0000000707400000, 0x0000000707400000, 0x0000000707600000|  0%| F|  |TAMS 0x0000000707400000, 0x0000000707400000| Untracked 
|  48|0x0000000707600000, 0x0000000707600000, 0x0000000707800000|  0%| F|  |TAMS 0x0000000707600000, 0x0000000707600000| Untracked 
|  49|0x0000000707800000, 0x0000000707800000, 0x0000000707a00000|  0%| F|  |TAMS 0x0000000707800000, 0x0000000707800000| Untracked 
|  50|0x0000000707a00000, 0x0000000707a00000, 0x0000000707c00000|  0%| F|  |TAMS 0x0000000707a00000, 0x0000000707a00000| Untracked 
|  51|0x0000000707c00000, 0x0000000707c00000, 0x0000000707e00000|  0%| F|  |TAMS 0x0000000707c00000, 0x0000000707c00000| Untracked 
|  52|0x0000000707e00000, 0x0000000707e00000, 0x0000000708000000|  0%| F|  |TAMS 0x0000000707e00000, 0x0000000707e00000| Untracked 
|  53|0x0000000708000000, 0x0000000708000000, 0x0000000708200000|  0%| F|  |TAMS 0x0000000708000000, 0x0000000708000000| Untracked 
|  54|0x0000000708200000, 0x0000000708200000, 0x0000000708400000|  0%| F|  |TAMS 0x0000000708200000, 0x0000000708200000| Untracked 
|  55|0x0000000708400000, 0x0000000708400000, 0x0000000708600000|  0%| F|  |TAMS 0x0000000708400000, 0x0000000708400000| Untracked 
|  56|0x0000000708600000, 0x0000000708600000, 0x0000000708800000|  0%| F|  |TAMS 0x0000000708600000, 0x0000000708600000| Untracked 
|  57|0x0000000708800000, 0x0000000708800000, 0x0000000708a00000|  0%| F|  |TAMS 0x0000000708800000, 0x0000000708800000| Untracked 
|  58|0x0000000708a00000, 0x0000000708a00000, 0x0000000708c00000|  0%| F|  |TAMS 0x0000000708a00000, 0x0000000708a00000| Untracked 
|  59|0x0000000708c00000, 0x0000000708c00000, 0x0000000708e00000|  0%| F|  |TAMS 0x0000000708c00000, 0x0000000708c00000| Untracked 
|  60|0x0000000708e00000, 0x0000000708e00000, 0x0000000709000000|  0%| F|  |TAMS 0x0000000708e00000, 0x0000000708e00000| Untracked 
|  61|0x0000000709000000, 0x0000000709000000, 0x0000000709200000|  0%| F|  |TAMS 0x0000000709000000, 0x0000000709000000| Untracked 
|  62|0x0000000709200000, 0x0000000709200000, 0x0000000709400000|  0%| F|  |TAMS 0x0000000709200000, 0x0000000709200000| Untracked 
|  63|0x0000000709400000, 0x0000000709400000, 0x0000000709600000|  0%| F|  |TAMS 0x0000000709400000, 0x0000000709400000| Untracked 
|  64|0x0000000709600000, 0x0000000709600000, 0x0000000709800000|  0%| F|  |TAMS 0x0000000709600000, 0x0000000709600000| Untracked 
|  65|0x0000000709800000, 0x0000000709800000, 0x0000000709a00000|  0%| F|  |TAMS 0x0000000709800000, 0x0000000709800000| Untracked 
|  66|0x0000000709a00000, 0x0000000709a00000, 0x0000000709c00000|  0%| F|  |TAMS 0x0000000709a00000, 0x0000000709a00000| Untracked 
|  67|0x0000000709c00000, 0x0000000709c00000, 0x0000000709e00000|  0%| F|  |TAMS 0x0000000709c00000, 0x0000000709c00000| Untracked 
|  68|0x0000000709e00000, 0x0000000709e00000, 0x000000070a000000|  0%| F|  |TAMS 0x0000000709e00000, 0x0000000709e00000| Untracked 
|  69|0x000000070a000000, 0x000000070a000000, 0x000000070a200000|  0%| F|  |TAMS 0x000000070a000000, 0x000000070a000000| Untracked 
|  70|0x000000070a200000, 0x000000070a200000, 0x000000070a400000|  0%| F|  |TAMS 0x000000070a200000, 0x000000070a200000| Untracked 
|  71|0x000000070a400000, 0x000000070a400000, 0x000000070a600000|  0%| F|  |TAMS 0x000000070a400000, 0x000000070a400000| Untracked 
|  72|0x000000070a600000, 0x000000070a600000, 0x000000070a800000|  0%| F|  |TAMS 0x000000070a600000, 0x000000070a600000| Untracked 
|  73|0x000000070a800000, 0x000000070a800000, 0x000000070aa00000|  0%| F|  |TAMS 0x000000070a800000, 0x000000070a800000| Untracked 
|  74|0x000000070aa00000, 0x000000070aa00000, 0x000000070ac00000|  0%| F|  |TAMS 0x000000070aa00000, 0x000000070aa00000| Untracked 
|  75|0x000000070ac00000, 0x000000070ac00000, 0x000000070ae00000|  0%| F|  |TAMS 0x000000070ac00000, 0x000000070ac00000| Untracked 
|  76|0x000000070ae00000, 0x000000070ae00000, 0x000000070b000000|  0%| F|  |TAMS 0x000000070ae00000, 0x000000070ae00000| Untracked 
|  77|0x000000070b000000, 0x000000070b000000, 0x000000070b200000|  0%| F|  |TAMS 0x000000070b000000, 0x000000070b000000| Untracked 
|  78|0x000000070b200000, 0x000000070b200000, 0x000000070b400000|  0%| F|  |TAMS 0x000000070b200000, 0x000000070b200000| Untracked 
|  79|0x000000070b400000, 0x000000070b400000, 0x000000070b600000|  0%| F|  |TAMS 0x000000070b400000, 0x000000070b400000| Untracked 
|  80|0x000000070b600000, 0x000000070b600000, 0x000000070b800000|  0%| F|  |TAMS 0x000000070b600000, 0x000000070b600000| Untracked 
|  81|0x000000070b800000, 0x000000070b800000, 0x000000070ba00000|  0%| F|  |TAMS 0x000000070b800000, 0x000000070b800000| Untracked 
|  82|0x000000070ba00000, 0x000000070ba00000, 0x000000070bc00000|  0%| F|  |TAMS 0x000000070ba00000, 0x000000070ba00000| Untracked 
|  83|0x000000070bc00000, 0x000000070bc00000, 0x000000070be00000|  0%| F|  |TAMS 0x000000070bc00000, 0x000000070bc00000| Untracked 
|  84|0x000000070be00000, 0x000000070be00000, 0x000000070c000000|  0%| F|  |TAMS 0x000000070be00000, 0x000000070be00000| Untracked 
|  85|0x000000070c000000, 0x000000070c000000, 0x000000070c200000|  0%| F|  |TAMS 0x000000070c000000, 0x000000070c000000| Untracked 
|  86|0x000000070c200000, 0x000000070c200000, 0x000000070c400000|  0%| F|  |TAMS 0x000000070c200000, 0x000000070c200000| Untracked 
|  87|0x000000070c400000, 0x000000070c400000, 0x000000070c600000|  0%| F|  |TAMS 0x000000070c400000, 0x000000070c400000| Untracked 
|  88|0x000000070c600000, 0x000000070c600000, 0x000000070c800000|  0%| F|  |TAMS 0x000000070c600000, 0x000000070c600000| Untracked 
|  89|0x000000070c800000, 0x000000070c800000, 0x000000070ca00000|  0%| F|  |TAMS 0x000000070c800000, 0x000000070c800000| Untracked 
|  90|0x000000070ca00000, 0x000000070ca00000, 0x000000070cc00000|  0%| F|  |TAMS 0x000000070ca00000, 0x000000070ca00000| Untracked 
|  91|0x000000070cc00000, 0x000000070cc00000, 0x000000070ce00000|  0%| F|  |TAMS 0x000000070cc00000, 0x000000070cc00000| Untracked 
|  92|0x000000070ce00000, 0x000000070ce00000, 0x000000070d000000|  0%| F|  |TAMS 0x000000070ce00000, 0x000000070ce00000| Untracked 
|  93|0x000000070d000000, 0x000000070d000000, 0x000000070d200000|  0%| F|  |TAMS 0x000000070d000000, 0x000000070d000000| Untracked 
|  94|0x000000070d200000, 0x000000070d200000, 0x000000070d400000|  0%| F|  |TAMS 0x000000070d200000, 0x000000070d200000| Untracked 
|  95|0x000000070d400000, 0x000000070d400000, 0x000000070d600000|  0%| F|  |TAMS 0x000000070d400000, 0x000000070d400000| Untracked 
|  96|0x000000070d600000, 0x000000070d600000, 0x000000070d800000|  0%| F|  |TAMS 0x000000070d600000, 0x000000070d600000| Untracked 
|  97|0x000000070d800000, 0x000000070d800000, 0x000000070da00000|  0%| F|  |TAMS 0x000000070d800000, 0x000000070d800000| Untracked 
|  98|0x000000070da00000, 0x000000070da00000, 0x000000070dc00000|  0%| F|  |TAMS 0x000000070da00000, 0x000000070da00000| Untracked 
|  99|0x000000070dc00000, 0x000000070dc00000, 0x000000070de00000|  0%| F|  |TAMS 0x000000070dc00000, 0x000000070dc00000| Untracked 
| 100|0x000000070de00000, 0x000000070de00000, 0x000000070e000000|  0%| F|  |TAMS 0x000000070de00000, 0x000000070de00000| Untracked 
| 101|0x000000070e000000, 0x000000070e000000, 0x000000070e200000|  0%| F|  |TAMS 0x000000070e000000, 0x000000070e000000| Untracked 
| 102|0x000000070e200000, 0x000000070e200000, 0x000000070e400000|  0%| F|  |TAMS 0x000000070e200000, 0x000000070e200000| Untracked 
| 103|0x000000070e400000, 0x000000070e400000, 0x000000070e600000|  0%| F|  |TAMS 0x000000070e400000, 0x000000070e400000| Untracked 
| 104|0x000000070e600000, 0x000000070e600000, 0x000000070e800000|  0%| F|  |TAMS 0x000000070e600000, 0x000000070e600000| Untracked 
| 105|0x000000070e800000, 0x000000070e800000, 0x000000070ea00000|  0%| F|  |TAMS 0x000000070e800000, 0x000000070e800000| Untracked 
| 106|0x000000070ea00000, 0x000000070ea00000, 0x000000070ec00000|  0%| F|  |TAMS 0x000000070ea00000, 0x000000070ea00000| Untracked 
| 107|0x000000070ec00000, 0x000000070ec00000, 0x000000070ee00000|  0%| F|  |TAMS 0x000000070ec00000, 0x000000070ec00000| Untracked 
| 108|0x000000070ee00000, 0x000000070efffd50, 0x000000070f000000| 99%| S|CS|TAMS 0x000000070ee00000, 0x000000070ee00000| Complete 
| 109|0x000000070f000000, 0x000000070f200000, 0x000000070f200000|100%| S|CS|TAMS 0x000000070f000000, 0x000000070f000000| Complete 
| 110|0x000000070f200000, 0x000000070f200000, 0x000000070f400000|  0%| F|  |TAMS 0x000000070f200000, 0x000000070f200000| Untracked 
| 111|0x000000070f400000, 0x000000070f400000, 0x000000070f600000|  0%| F|  |TAMS 0x000000070f400000, 0x000000070f400000| Untracked 
| 112|0x000000070f600000, 0x000000070f600000, 0x000000070f800000|  0%| F|  |TAMS 0x000000070f600000, 0x000000070f600000| Untracked 
| 113|0x000000070f800000, 0x000000070f800000, 0x000000070fa00000|  0%| F|  |TAMS 0x000000070f800000, 0x000000070f800000| Untracked 
| 114|0x000000070fa00000, 0x000000070fa00000, 0x000000070fc00000|  0%| F|  |TAMS 0x000000070fa00000, 0x000000070fa00000| Untracked 
| 115|0x000000070fc00000, 0x000000070fc00000, 0x000000070fe00000|  0%| F|  |TAMS 0x000000070fc00000, 0x000000070fc00000| Untracked 
| 116|0x000000070fe00000, 0x000000070fe00000, 0x0000000710000000|  0%| F|  |TAMS 0x000000070fe00000, 0x000000070fe00000| Untracked 
| 117|0x0000000710000000, 0x0000000710000000, 0x0000000710200000|  0%| F|  |TAMS 0x0000000710000000, 0x0000000710000000| Untracked 
| 118|0x0000000710200000, 0x0000000710200000, 0x0000000710400000|  0%| F|  |TAMS 0x0000000710200000, 0x0000000710200000| Untracked 
| 119|0x0000000710400000, 0x0000000710600000, 0x0000000710600000|100%| E|  |TAMS 0x0000000710400000, 0x0000000710400000| Complete 
| 120|0x0000000710600000, 0x0000000710800000, 0x0000000710800000|100%| E|CS|TAMS 0x0000000710600000, 0x0000000710600000| Complete 
| 121|0x0000000710800000, 0x0000000710a00000, 0x0000000710a00000|100%| E|  |TAMS 0x0000000710800000, 0x0000000710800000| Complete 
| 122|0x0000000710a00000, 0x0000000710c00000, 0x0000000710c00000|100%| E|CS|TAMS 0x0000000710a00000, 0x0000000710a00000| Complete 
| 123|0x0000000710c00000, 0x0000000710e00000, 0x0000000710e00000|100%| E|CS|TAMS 0x0000000710c00000, 0x0000000710c00000| Complete 
| 124|0x0000000710e00000, 0x0000000711000000, 0x0000000711000000|100%| E|CS|TAMS 0x0000000710e00000, 0x0000000710e00000| Complete 
| 125|0x0000000711000000, 0x0000000711200000, 0x0000000711200000|100%| E|CS|TAMS 0x0000000711000000, 0x0000000711000000| Complete 
| 126|0x0000000711200000, 0x0000000711400000, 0x0000000711400000|100%| E|CS|TAMS 0x0000000711200000, 0x0000000711200000| Complete 
| 127|0x0000000711400000, 0x0000000711600000, 0x0000000711600000|100%| E|CS|TAMS 0x0000000711400000, 0x0000000711400000| Complete 

Card table byte_map: [0x0000020e22160000,0x0000020e22960000] _byte_map_base: 0x0000020e1e955000

Marking Bits (Prev, Next): (CMBitMap*) 0x0000020e08a86c30, (CMBitMap*) 0x0000020e08a86c70
 Prev Bits: [0x0000020e23160000, 0x0000020e27108000)
 Next Bits: [0x0000020e27110000, 0x0000020e2b0b8000)

Polling page: 0x0000020e08ad0000

Metaspace:

Usage:
  Non-class:      7.62 MB used.
      Class:    516.05 KB used.
       Both:      8.13 MB used.

Virtual space:
  Non-class space:       64.00 MB reserved,       7.75 MB ( 12%) committed,  1 nodes.
      Class space:        1.00 GB reserved,     576.00 KB ( <1%) committed,  1 nodes.
             Both:        1.06 GB reserved,       8.31 MB ( <1%) committed. 

Chunk freelists:
   Non-Class:  7.78 MB
       Class:  15.45 MB
        Both:  23.23 MB

MaxMetaspaceSize: unlimited
CompressedClassSpaceSize: 1.00 GB
Initial GC threshold: 21.00 MB
Current GC threshold: 21.00 MB
CDS: on
MetaspaceReclaimPolicy: balanced
 - commit_granule_bytes: 65536.
 - commit_granule_words: 8192.
 - virtual_space_node_default_size: 8388608.
 - enlarge_chunks_in_place: 1.
 - new_chunks_are_fully_committed: 0.
 - uncommit_free_chunks: 1.
 - use_allocation_guard: 0.
 - handle_deallocations: 1.


Internal statistics:

num_allocs_failed_limit: 0.
num_arena_births: 148.
num_arena_deaths: 0.
num_vsnodes_births: 2.
num_vsnodes_deaths: 0.
num_space_committed: 131.
num_space_uncommitted: 0.
num_chunks_returned_to_freelist: 0.
num_chunks_taken_from_freelist: 337.
num_chunk_merges: 0.
num_chunk_splits: 230.
num_chunks_enlarged: 167.
num_inconsistent_stats: 0.

CodeHeap 'non-profiled nmethods': size=120000Kb used=671Kb max_used=671Kb free=119328Kb
 bounds [0x0000020e197a0000, 0x0000020e19a10000, 0x0000020e20cd0000]
CodeHeap 'profiled nmethods': size=120000Kb used=2543Kb max_used=2543Kb free=117456Kb
 bounds [0x0000020e11cd0000, 0x0000020e11f50000, 0x0000020e19200000]
CodeHeap 'non-nmethods': size=5760Kb used=1652Kb max_used=1672Kb free=4107Kb
 bounds [0x0000020e19200000, 0x0000020e19470000, 0x0000020e197a0000]
 total_blobs=2427 nmethods=1331 adapters=1009
 compilation: enabled
              stopped_count=0, restarted_count=0
 full_count=0

Compilation events (20 events):
Event: 1.225 Thread 0x0000020e2d86aa70 nmethod 1348 0x0000020e11f47610 code [0x0000020e11f47840, 0x0000020e11f47f08]
Event: 1.225 Thread 0x0000020e2d86aa70 1349   !   2       java.util.zip.ZipFile::getEntry (59 bytes)
Event: 1.225 Thread 0x0000020e2d86aa70 nmethod 1349 0x0000020e11f48690 code [0x0000020e11f48860, 0x0000020e11f48bb8]
Event: 1.225 Thread 0x0000020e2d86aa70 1350       2       com.zano.core.WindowsManager::isKeyPressed (18 bytes)
Event: 1.225 Thread 0x0000020e2d86aa70 nmethod 1350 0x0000020e11f48e10 code [0x0000020e11f48fa0, 0x0000020e11f490e8]
Event: 1.225 Thread 0x0000020e2d86aa70 1351       2       org.lwjgl.glfw.GLFW::glfwGetKey (22 bytes)
Event: 1.225 Thread 0x0000020e2d86aa70 nmethod 1351 0x0000020e11f49190 code [0x0000020e11f49340, 0x0000020e11f49518]
Event: 1.225 Thread 0x0000020e2d86aa70 1357       2       org.joml.Vector3f::set (17 bytes)
Event: 1.225 Thread 0x0000020e2d86aa70 nmethod 1357 0x0000020e11f49610 code [0x0000020e11f497a0, 0x0000020e11f498b8]
Event: 1.225 Thread 0x0000020e2d86aa70 1358       3       com.zano.core.WindowsManager::isKeyPressed (18 bytes)
Event: 1.225 Thread 0x0000020e2d86aa70 nmethod 1358 0x0000020e11f49990 code [0x0000020e11f49b40, 0x0000020e11f49ce8]
Event: 1.225 Thread 0x0000020e2d86aa70 1354       2       com.zano.core.EngineManager::input (17 bytes)
Event: 1.225 Thread 0x0000020e2d86aa70 nmethod 1354 0x0000020e11f49d90 code [0x0000020e11f49f40, 0x0000020e11f4a0d8]
Event: 1.225 Thread 0x0000020e2d86aa70 1355       2       com.zano.core.MouseInput::input (138 bytes)
Event: 1.225 Thread 0x0000020e2d86aa70 nmethod 1355 0x0000020e11f4a210 code [0x0000020e11f4a3a0, 0x0000020e11f4a5b8]
Event: 1.225 Thread 0x0000020e2d86aa70 1356       2       com.zano.test.TestGame::input (267 bytes)
Event: 1.226 Thread 0x0000020e2d86aa70 nmethod 1356 0x0000020e11f4a710 code [0x0000020e11f4a9e0, 0x0000020e11f4b178]
Event: 1.226 Thread 0x0000020e2d86aa70 1360       2       java.lang.invoke.DirectMethodHandle::internalMemberName (8 bytes)
Event: 1.226 Thread 0x0000020e2d86aa70 nmethod 1360 0x0000020e11f4b710 code [0x0000020e11f4b8a0, 0x0000020e11f4b9d8]
Event: 1.226 Thread 0x0000020e2d86aa70 1362       2       org.joml.Math::fma (19 bytes)

GC Heap History (4 events):
Event: 0.871 GC heap before
{Heap before GC invocations=0 (full 0):
 garbage-first heap   total 262144K, used 34816K [0x0000000701600000, 0x0000000800000000)
  region size 2048K, 11 young (22528K), 0 survivors (0K)
 Metaspace       used 6450K, committed 6656K, reserved 1114112K
  class space    used 432K, committed 512K, reserved 1048576K
}
Event: 0.873 GC heap after
{Heap after GC invocations=1 (full 0):
 garbage-first heap   total 262144K, used 5296K [0x0000000701600000, 0x0000000800000000)
  region size 2048K, 2 young (4096K), 2 survivors (4096K)
 Metaspace       used 6450K, committed 6656K, reserved 1114112K
  class space    used 432K, committed 512K, reserved 1048576K
}
Event: 1.141 GC heap before
{Heap before GC invocations=1 (full 0):
 garbage-first heap   total 262144K, used 89264K [0x0000000701600000, 0x0000000800000000)
  region size 2048K, 18 young (36864K), 2 survivors (4096K)
 Metaspace       used 6830K, committed 6976K, reserved 1114112K
  class space    used 457K, committed 512K, reserved 1048576K
}
Event: 1.143 GC heap after
{Heap after GC invocations=2 (full 0):
 garbage-first heap   total 262144K, used 4095K [0x0000000701600000, 0x0000000800000000)
  region size 2048K, 2 young (4096K), 2 survivors (4096K)
 Metaspace       used 6830K, committed 6976K, reserved 1114112K
  class space    used 457K, committed 512K, reserved 1048576K
}

Dll operation events (11 events):
Event: 0.004 Loaded shared library C:\Program Files\Eclipse Adoptium\jdk-17.0.8.101-hotspot\bin\java.dll
Event: 0.015 Loaded shared library C:\Program Files\Eclipse Adoptium\jdk-17.0.8.101-hotspot\bin\jsvml.dll
Event: 0.071 Loaded shared library C:\Program Files\Eclipse Adoptium\jdk-17.0.8.101-hotspot\bin\net.dll
Event: 0.072 Loaded shared library C:\Program Files\Eclipse Adoptium\jdk-17.0.8.101-hotspot\bin\nio.dll
Event: 0.074 Loaded shared library C:\Program Files\Eclipse Adoptium\jdk-17.0.8.101-hotspot\bin\zip.dll
Event: 0.118 Loaded shared library C:\Program Files\Eclipse Adoptium\jdk-17.0.8.101-hotspot\bin\verify.dll
Event: 0.164 Loaded shared library C:\Program Files\Eclipse Adoptium\jdk-17.0.8.101-hotspot\bin\jimage.dll
Event: 0.185 Loaded shared library C:\Users\Zanovello\AppData\Local\Temp\lwjglZanovello\3.3.1-build-7\lwjgl.dll
Event: 0.654 Loaded shared library C:\Users\Zanovello\AppData\Local\Temp\lwjglZanovello\3.3.1-build-7\lwjgl_opengl.dll
Event: 0.734 Loaded shared library C:\Program Files\Eclipse Adoptium\jdk-17.0.8.101-hotspot\bin\awt.dll
Event: 1.105 Loaded shared library C:\Program Files\Eclipse Adoptium\jdk-17.0.8.101-hotspot\bin\javajpeg.dll

Deoptimization events (20 events):
Event: 1.166 Thread 0x0000020e08a1a2f0 DEOPT PACKING pc=0x0000020e11ebe7b8 sp=0x000000848a9fe840
Event: 1.166 Thread 0x0000020e08a1a2f0 DEOPT UNPACKING pc=0x0000020e19257143 sp=0x000000848a9fdd18 mode 0
Event: 1.166 Thread 0x0000020e08a1a2f0 DEOPT PACKING pc=0x0000020e11ebe7b8 sp=0x000000848a9fe840
Event: 1.166 Thread 0x0000020e08a1a2f0 DEOPT UNPACKING pc=0x0000020e19257143 sp=0x000000848a9fdd18 mode 0
Event: 1.166 Thread 0x0000020e08a1a2f0 DEOPT PACKING pc=0x0000020e11ebe7b8 sp=0x000000848a9fe840
Event: 1.166 Thread 0x0000020e08a1a2f0 DEOPT UNPACKING pc=0x0000020e19257143 sp=0x000000848a9fdd18 mode 0
Event: 1.166 Thread 0x0000020e08a1a2f0 DEOPT PACKING pc=0x0000020e11ebe7b8 sp=0x000000848a9fe840
Event: 1.166 Thread 0x0000020e08a1a2f0 DEOPT UNPACKING pc=0x0000020e19257143 sp=0x000000848a9fdd18 mode 0
Event: 1.166 Thread 0x0000020e08a1a2f0 DEOPT PACKING pc=0x0000020e11ebe7b8 sp=0x000000848a9fe840
Event: 1.166 Thread 0x0000020e08a1a2f0 DEOPT UNPACKING pc=0x0000020e19257143 sp=0x000000848a9fdd18 mode 0
Event: 1.166 Thread 0x0000020e08a1a2f0 DEOPT PACKING pc=0x0000020e11ebe7b8 sp=0x000000848a9fe840
Event: 1.166 Thread 0x0000020e08a1a2f0 DEOPT UNPACKING pc=0x0000020e19257143 sp=0x000000848a9fdd18 mode 0
Event: 1.166 Thread 0x0000020e08a1a2f0 DEOPT PACKING pc=0x0000020e11ebe7b8 sp=0x000000848a9fe840
Event: 1.166 Thread 0x0000020e08a1a2f0 DEOPT UNPACKING pc=0x0000020e19257143 sp=0x000000848a9fdd18 mode 0
Event: 1.166 Thread 0x0000020e08a1a2f0 DEOPT PACKING pc=0x0000020e11ebe7b8 sp=0x000000848a9fe840
Event: 1.166 Thread 0x0000020e08a1a2f0 DEOPT UNPACKING pc=0x0000020e19257143 sp=0x000000848a9fdd18 mode 0
Event: 1.167 Thread 0x0000020e08a1a2f0 DEOPT PACKING pc=0x0000020e11ec43be sp=0x000000848a9feee0
Event: 1.167 Thread 0x0000020e08a1a2f0 DEOPT UNPACKING pc=0x0000020e19257143 sp=0x000000848a9fe390 mode 0
Event: 1.170 Thread 0x0000020e08a1a2f0 DEOPT PACKING pc=0x0000020e11eca424 sp=0x000000848a9fefa0
Event: 1.170 Thread 0x0000020e08a1a2f0 DEOPT UNPACKING pc=0x0000020e19257143 sp=0x000000848a9fe510 mode 0

Classes unloaded (0 events):
No events

Classes redefined (0 events):
No events

Internal exceptions (20 events):
Event: 0.184 Thread 0x0000020e08a1a2f0 Exception <a 'sun/nio/fs/WindowsException'{0x0000000710df5888}> (0x0000000710df5888) 
thrown [s\src\hotspot\share\prims\jni.cpp, line 516]
Event: 0.192 Thread 0x0000020e08a1a2f0 Exception <a 'java/lang/NoSuchMethodError'{0x0000000710a73b40}: 'int java.lang.invoke.DirectMethodHandle$Holder.invokeStaticInit(java.lang.Object, java.lang.Object, int, long)'> (0x0000000710a73b40) 
thrown [s\src\hotspot\share\interpreter\linkResolver.cpp, line 759]
Event: 0.192 Thread 0x0000020e08a1a2f0 Exception <a 'java/lang/NoSuchMethodError'{0x0000000710a79408}: 'java.lang.Object java.lang.invoke.DirectMethodHandle$Holder.newInvokeSpecial(java.lang.Object, java.lang.Object, int)'> (0x0000000710a79408) 
thrown [s\src\hotspot\share\interpreter\linkResolver.cpp, line 759]
Event: 0.194 Thread 0x0000020e08a1a2f0 Exception <a 'java/lang/NoSuchMethodError'{0x0000000710a942d0}: 'int java.lang.invoke.DirectMethodHandle$Holder.invokeStaticInit(java.lang.Object, java.lang.Object, long, long)'> (0x0000000710a942d0) 
thrown [s\src\hotspot\share\interpreter\linkResolver.cpp, line 759]
Event: 0.194 Thread 0x0000020e08a1a2f0 Exception <a 'java/lang/NoSuchMethodError'{0x0000000710a9a3e0}: 'java.lang.Object java.lang.invoke.DirectMethodHandle$Holder.newInvokeSpecial(java.lang.Object, java.lang.Object, long)'> (0x0000000710a9a3e0) 
thrown [s\src\hotspot\share\interpreter\linkResolver.cpp, line 759]
Event: 0.194 Thread 0x0000020e08a1a2f0 Exception <a 'java/lang/NoSuchMethodError'{0x0000000710a9e428}: 'java.lang.Object java.lang.invoke.Invokers$Holder.linkToTargetMethod(java.lang.Object, long, java.lang.Object)'> (0x0000000710a9e428) 
thrown [s\src\hotspot\share\interpreter\linkResolver.cpp, line 759]
Event: 0.195 Thread 0x0000020e08a1a2f0 Exception <a 'java/lang/NoSuchMethodError'{0x0000000710aa5b40}: 'int java.lang.invoke.DirectMethodHandle$Holder.invokeStaticInit(java.lang.Object, java.lang.Object, java.lang.Object, long)'> (0x0000000710aa5b40) 
thrown [s\src\hotspot\share\interpreter\linkResolver.cpp, line 759]
Event: 0.208 Thread 0x0000020e08a1a2f0 Exception <a 'sun/nio/fs/WindowsException'{0x0000000710bd30f8}> (0x0000000710bd30f8) 
thrown [s\src\hotspot\share\prims\jni.cpp, line 516]
Event: 0.208 Thread 0x0000020e08a1a2f0 Exception <a 'sun/nio/fs/WindowsException'{0x0000000710bd34b8}> (0x0000000710bd34b8) 
thrown [s\src\hotspot\share\prims\jni.cpp, line 516]
Event: 0.221 Thread 0x0000020e08a1a2f0 Exception <a 'sun/nio/fs/WindowsException'{0x00000007108bdf80}> (0x00000007108bdf80) 
thrown [s\src\hotspot\share\prims\jni.cpp, line 516]
Event: 0.221 Thread 0x0000020e08a1a2f0 Exception <a 'sun/nio/fs/WindowsException'{0x00000007108be310}> (0x00000007108be310) 
thrown [s\src\hotspot\share\prims\jni.cpp, line 516]
Event: 0.653 Thread 0x0000020e08a1a2f0 Exception <a 'sun/nio/fs/WindowsException'{0x000000071098eb30}> (0x000000071098eb30) 
thrown [s\src\hotspot\share\prims\jni.cpp, line 516]
Event: 0.653 Thread 0x0000020e08a1a2f0 Exception <a 'sun/nio/fs/WindowsException'{0x000000071098ef00}> (0x000000071098ef00) 
thrown [s\src\hotspot\share\prims\jni.cpp, line 516]
Event: 0.655 Thread 0x0000020e08a1a2f0 Exception <a 'sun/nio/fs/WindowsException'{0x00000007109a2ce8}> (0x00000007109a2ce8) 
thrown [s\src\hotspot\share\prims\jni.cpp, line 516]
Event: 0.655 Thread 0x0000020e08a1a2f0 Exception <a 'sun/nio/fs/WindowsException'{0x00000007109a2fe8}> (0x00000007109a2fe8) 
thrown [s\src\hotspot\share\prims\jni.cpp, line 516]
Event: 0.729 Thread 0x0000020e08a1a2f0 Exception <a 'java/lang/ClassNotFoundException'{0x0000000710551090}: sun/awt/resources/spi/awtProvider> (0x0000000710551090) 
thrown [s\src\hotspot\share\classfile\systemDictionary.cpp, line 256]
Event: 0.737 Thread 0x0000020e08a1a2f0 Exception <a 'java/io/FileNotFoundException'{0x0000000710588f00}> (0x0000000710588f00) 
thrown [s\src\hotspot\share\prims\jni.cpp, line 516]
Event: 0.740 Thread 0x0000020e08a1a2f0 Exception <a 'java/io/FileNotFoundException'{0x00000007105b5e18}> (0x00000007105b5e18) 
thrown [s\src\hotspot\share\prims\jni.cpp, line 516]
Event: 0.754 Thread 0x0000020e08a1a2f0 Exception <a 'java/lang/NoSuchMethodError'{0x000000071022a9c0}: 'java.lang.Object java.lang.invoke.DirectMethodHandle$Holder.invokeStaticInit(java.lang.Object, int, int, int, int)'> (0x000000071022a9c0) 
thrown [s\src\hotspot\share\interpreter\linkResolver.cpp, line 759]
Event: 0.786 Thread 0x0000020e08a1a2f0 Exception <a 'java/lang/NoSuchMethodError'{0x000000071033b668}: 'java.lang.Object java.lang.invoke.DirectMethodHandle$Holder.invokeStaticInit(java.lang.Object, java.lang.Object, int, int, int, int)'> (0x000000071033b668) 
thrown [s\src\hotspot\share\interpreter\linkResolver.cpp, line 759]

VM Operations (20 events):
Event: 0.075 Executing VM operation: HandshakeAllThreads
Event: 0.075 Executing VM operation: HandshakeAllThreads done
Event: 0.157 Executing VM operation: HandshakeAllThreads
Event: 0.157 Executing VM operation: HandshakeAllThreads done
Event: 0.180 Executing VM operation: HandshakeAllThreads
Event: 0.180 Executing VM operation: HandshakeAllThreads done
Event: 0.725 Executing VM operation: HandshakeAllThreads
Event: 0.725 Executing VM operation: HandshakeAllThreads done
Event: 0.747 Executing VM operation: HandshakeAllThreads
Event: 0.747 Executing VM operation: HandshakeAllThreads done
Event: 0.748 Executing VM operation: HandshakeAllThreads
Event: 0.748 Executing VM operation: HandshakeAllThreads done
Event: 0.762 Executing VM operation: HandshakeAllThreads
Event: 0.762 Executing VM operation: HandshakeAllThreads done
Event: 0.871 Executing VM operation: G1CollectForAllocation
Event: 0.873 Executing VM operation: G1CollectForAllocation done
Event: 1.140 Executing VM operation: G1CollectForAllocation
Event: 1.143 Executing VM operation: G1CollectForAllocation done
Event: 1.219 Executing VM operation: HandshakeAllThreads
Event: 1.219 Executing VM operation: HandshakeAllThreads done

Events (20 events):
Event: 1.105 loading class javax/imageio/plugins/jpeg/JPEGQTable
Event: 1.105 loading class javax/imageio/plugins/jpeg/JPEGQTable done
Event: 1.105 loading class javax/imageio/plugins/jpeg/JPEGHuffmanTable
Event: 1.105 loading class javax/imageio/plugins/jpeg/JPEGHuffmanTable done
Event: 1.105 loading class com/sun/imageio/plugins/jpeg/JPEGImageReader$CallBackLock
Event: 1.105 loading class com/sun/imageio/plugins/jpeg/JPEGImageReader$CallBackLock done
Event: 1.105 loading class com/sun/imageio/plugins/jpeg/JPEGImageReader$CallBackLock$State
Event: 1.105 loading class com/sun/imageio/plugins/jpeg/JPEGImageReader$CallBackLock$State done
Event: 1.105 loading class com/sun/imageio/plugins/jpeg/JPEGImageReader$JPEGReaderDisposerRecord
Event: 1.105 loading class com/sun/imageio/plugins/jpeg/JPEGImageReader$JPEGReaderDisposerRecord done
Event: 1.105 loading class javax/imageio/plugins/jpeg/JPEGImageReadParam
Event: 1.105 loading class javax/imageio/plugins/jpeg/JPEGImageReadParam done
Event: 1.106 loading class com/sun/imageio/plugins/jpeg/ImageTypeProducer
Event: 1.106 loading class com/sun/imageio/plugins/jpeg/ImageTypeProducer done
Event: 1.106 loading class com/sun/imageio/plugins/jpeg/ImageTypeIterator
Event: 1.106 loading class com/sun/imageio/plugins/jpeg/ImageTypeIterator done
Event: 1.180 loading class java/lang/SecurityException
Event: 1.180 loading class java/lang/SecurityException done
Event: 1.219 loading class java/lang/NumberFormatException
Event: 1.219 loading class java/lang/NumberFormatException done


Dynamic libraries:
0x00007ff7d4a80000 - 0x00007ff7d4a8e000 	C:\Program Files\Eclipse Adoptium\jdk-17.0.8.101-hotspot\bin\java.exe
0x00007ffac7cd0000 - 0x00007ffac7ec8000 	C:\Windows\SYSTEM32\ntdll.dll
0x00007ffac76e0000 - 0x00007ffac779d000 	C:\Windows\System32\KERNEL32.DLL
0x00007ffac5510000 - 0x00007ffac5806000 	C:\Windows\System32\KERNELBASE.dll
0x00007ffac5c30000 - 0x00007ffac5d30000 	C:\Windows\System32\ucrtbase.dll
0x00007ffab3040000 - 0x00007ffab3059000 	C:\Program Files\Eclipse Adoptium\jdk-17.0.8.101-hotspot\bin\VCRUNTIME140.dll
0x00007ffab4ed0000 - 0x00007ffab4ee7000 	C:\Program Files\Eclipse Adoptium\jdk-17.0.8.101-hotspot\bin\jli.dll
0x00007ffac6d00000 - 0x00007ffac6e9e000 	C:\Windows\System32\USER32.dll
0x00007ffab5bd0000 - 0x00007ffab5e6a000 	C:\Windows\WinSxS\amd64_microsoft.windows.common-controls_6595b64144ccf1df_6.0.19041.3636_none_60b6a03d71f818d5\COMCTL32.dll
0x00007ffac54e0000 - 0x00007ffac5502000 	C:\Windows\System32\win32u.dll
0x00007ffac6730000 - 0x00007ffac675c000 	C:\Windows\System32\GDI32.dll
0x00007ffac6c60000 - 0x00007ffac6cfe000 	C:\Windows\System32\msvcrt.dll
0x00007ffac5a70000 - 0x00007ffac5b8a000 	C:\Windows\System32\gdi32full.dll
0x00007ffac5b90000 - 0x00007ffac5c2d000 	C:\Windows\System32\msvcp_win.dll
0x00007ffac6670000 - 0x00007ffac66a0000 	C:\Windows\System32\IMM32.DLL
0x00007ffab4f80000 - 0x00007ffab4f8c000 	C:\Program Files\Eclipse Adoptium\jdk-17.0.8.101-hotspot\bin\vcruntime140_1.dll
0x00007ffaac340000 - 0x00007ffaac3d1000 	C:\Program Files\Eclipse Adoptium\jdk-17.0.8.101-hotspot\bin\msvcp140.dll
0x00007ffa3c870000 - 0x00007ffa3d4bc000 	C:\Program Files\Eclipse Adoptium\jdk-17.0.8.101-hotspot\bin\server\jvm.dll
0x00007ffac78d0000 - 0x00007ffac797f000 	C:\Windows\System32\ADVAPI32.dll
0x00007ffac7ab0000 - 0x00007ffac7b4c000 	C:\Windows\System32\sechost.dll
0x00007ffac77a0000 - 0x00007ffac78c6000 	C:\Windows\System32\RPCRT4.dll
0x00007ffac4b10000 - 0x00007ffac4b5b000 	C:\Windows\SYSTEM32\POWRPROF.dll
0x00007ffabd100000 - 0x00007ffabd127000 	C:\Windows\SYSTEM32\WINMM.dll
0x00007ffabff10000 - 0x00007ffabff19000 	C:\Windows\SYSTEM32\WSOCK32.dll
0x00007ffabddd0000 - 0x00007ffabddda000 	C:\Windows\SYSTEM32\VERSION.dll
0x00007ffac7160000 - 0x00007ffac71cb000 	C:\Windows\System32\WS2_32.dll
0x00007ffac4af0000 - 0x00007ffac4b02000 	C:\Windows\SYSTEM32\UMPDC.dll
0x00007ffac3250000 - 0x00007ffac3262000 	C:\Windows\SYSTEM32\kernel.appcore.dll
0x00007ffab4e50000 - 0x00007ffab4e5a000 	C:\Program Files\Eclipse Adoptium\jdk-17.0.8.101-hotspot\bin\jimage.dll
0x00007ffab4380000 - 0x00007ffab4564000 	C:\Windows\SYSTEM32\DBGHELP.DLL
0x00007ffab4320000 - 0x00007ffab4354000 	C:\Windows\SYSTEM32\dbgcore.DLL
0x00007ffac59e0000 - 0x00007ffac5a62000 	C:\Windows\System32\bcryptPrimitives.dll
0x00007ffab15b0000 - 0x00007ffab15d5000 	C:\Program Files\Eclipse Adoptium\jdk-17.0.8.101-hotspot\bin\java.dll
0x00007ffaa5770000 - 0x00007ffaa5846000 	C:\Program Files\Eclipse Adoptium\jdk-17.0.8.101-hotspot\bin\jsvml.dll
0x00007ffac5d30000 - 0x00007ffac6475000 	C:\Windows\System32\SHELL32.dll
0x00007ffac3450000 - 0x00007ffac3beb000 	C:\Windows\SYSTEM32\windows.storage.dll
0x00007ffac71d0000 - 0x00007ffac7524000 	C:\Windows\System32\combase.dll
0x00007ffac4d10000 - 0x00007ffac4d3d000 	C:\Windows\SYSTEM32\Wldp.dll
0x00007ffac7a00000 - 0x00007ffac7aad000 	C:\Windows\System32\SHCORE.dll
0x00007ffac7c20000 - 0x00007ffac7c75000 	C:\Windows\System32\shlwapi.dll
0x00007ffac52e0000 - 0x00007ffac5305000 	C:\Windows\SYSTEM32\profapi.dll
0x00007ffaad820000 - 0x00007ffaad839000 	C:\Program Files\Eclipse Adoptium\jdk-17.0.8.101-hotspot\bin\net.dll
0x00007ffabf2a0000 - 0x00007ffabf3aa000 	C:\Windows\SYSTEM32\WINHTTP.dll
0x00007ffac4a80000 - 0x00007ffac4aea000 	C:\Windows\system32\mswsock.dll
0x00007ffaad630000 - 0x00007ffaad645000 	C:\Program Files\Eclipse Adoptium\jdk-17.0.8.101-hotspot\bin\nio.dll
0x00007ffaac320000 - 0x00007ffaac338000 	C:\Program Files\Eclipse Adoptium\jdk-17.0.8.101-hotspot\bin\zip.dll
0x00007ffaaf830000 - 0x00007ffaaf840000 	C:\Program Files\Eclipse Adoptium\jdk-17.0.8.101-hotspot\bin\verify.dll
0x00007ffa4e090000 - 0x00007ffa4e105000 	C:\Users\Zanovello\AppData\Local\Temp\lwjglZanovello\3.3.1-build-7\lwjgl.dll
0x00007ffa45a00000 - 0x00007ffa45c59000 	C:\Users\ZANOVE~1\AppData\Local\Temp\lwjglZanovello\3.3.1-build-7\jemalloc.dll
0x00007ffaa7150000 - 0x00007ffaa71b1000 	C:\Users\ZANOVE~1\AppData\Local\Temp\lwjglZanovello\3.3.1-build-7\glfw.dll
0x00007ffaab230000 - 0x00007ffaab275000 	C:\Windows\SYSTEM32\dinput8.dll
0x00007ffab1ce0000 - 0x00007ffab1cf1000 	C:\Windows\SYSTEM32\xinput1_4.dll
0x00007ffac5490000 - 0x00007ffac54de000 	C:\Windows\System32\cfgmgr32.dll
0x00007ffac5140000 - 0x00007ffac5173000 	C:\Windows\SYSTEM32\DEVOBJ.dll
0x00007ffac2f60000 - 0x00007ffac2f8f000 	C:\Windows\SYSTEM32\dwmapi.dll
0x00007ffab1fd0000 - 0x00007ffab2122000 	C:\Windows\SYSTEM32\inputhost.dll
0x00007ffac6480000 - 0x00007ffac654d000 	C:\Windows\System32\OLEAUT32.dll
0x00007ffac2870000 - 0x00007ffac2962000 	C:\Windows\SYSTEM32\CoreMessaging.dll
0x00007ffac11b0000 - 0x00007ffac1305000 	C:\Windows\SYSTEM32\wintypes.dll
0x00007ffac0cd0000 - 0x00007ffac0dc6000 	C:\Windows\SYSTEM32\PROPSYS.dll
0x00007ffac2510000 - 0x00007ffac286b000 	C:\Windows\SYSTEM32\CoreUIComponents.dll
0x00007ffac4490000 - 0x00007ffac44c3000 	C:\Windows\SYSTEM32\ntmarta.dll
0x00007ffac2d40000 - 0x00007ffac2dde000 	C:\Windows\system32\uxtheme.dll
0x00007ffa80b00000 - 0x00007ffa80c38000 	C:\ProgramData\A-Volute\A-Volute.SonicStudio3\Modules\ScheduledModules\x64\AudioDevProps2.dll
0x00007ffac6f50000 - 0x00007ffac707b000 	C:\Windows\System32\ole32.dll
0x00007ffa90730000 - 0x00007ffa90868000 	C:\ProgramData\A-Volute\A-Volute.28054DF1F58B4\Modules\ScheduledModules\x64\AudioDevProps2.dll
0x00007ffa9cbe0000 - 0x00007ffa9cc8e000 	C:\ProgramData\A-Volute\A-Volute.28054DF1F58B4\Modules\ScheduledModules\x64\NahimicOSD.dll
0x00007ffaa9e20000 - 0x00007ffaa9e40000 	C:\ProgramData\A-Volute\A-Volute.28054DF1F58B4\Modules\ScheduledModules\x64\ProductInfo.dll
0x00007ffac6550000 - 0x00007ffac6664000 	C:\Windows\System32\MSCTF.dll
0x00007ffaac3e0000 - 0x00007ffaac505000 	C:\Windows\SYSTEM32\opengl32.dll
0x00007ffab7270000 - 0x00007ffab729c000 	C:\Windows\SYSTEM32\GLU32.dll
0x00007ffac6ea0000 - 0x00007ffac6f49000 	C:\Windows\System32\clbcatq.dll
0x00007ffa40b60000 - 0x00007ffa43840000 	C:\Windows\System32\DriverStore\FileRepository\nvmd.inf_amd64_1408eaf9a25ed64f\nvoglv64.dll
0x00007ffac6760000 - 0x00007ffac6bce000 	C:\Windows\System32\SETUPAPI.dll
0x00007ffac1040000 - 0x00007ffac1054000 	C:\Windows\SYSTEM32\WTSAPI32.dll
0x0000020e6ff80000 - 0x0000020e6ffa7000 	C:\Windows\System32\bcrypt.dll
0x00007ffac4f80000 - 0x00007ffac4f92000 	C:\Windows\SYSTEM32\msasn1.dll
0x00007ffabdd90000 - 0x00007ffabddc1000 	C:\Windows\SYSTEM32\cryptnet.dll
0x00007ffac5880000 - 0x00007ffac59dd000 	C:\Windows\System32\CRYPT32.dll
0x00007ffac4c80000 - 0x00007ffac4c8c000 	C:\Windows\SYSTEM32\cryptbase.dll
0x00007ffac5810000 - 0x00007ffac5877000 	C:\Windows\System32\WINTRUST.dll
0x00007ffabe070000 - 0x00007ffabe0ab000 	C:\Windows\SYSTEM32\dxcore.dll
0x00007ffac4600000 - 0x00007ffac465b000 	C:\Windows\SYSTEM32\WINSTA.dll
0x00007ffab7340000 - 0x00007ffab750d000 	C:\Windows\SYSTEM32\d3d9.dll
0x00007ffac79e0000 - 0x00007ffac79fd000 	C:\Windows\System32\imagehlp.dll
0x00007ffac4d50000 - 0x00007ffac4d68000 	C:\Windows\SYSTEM32\CRYPTSP.dll
0x00007ffac4370000 - 0x00007ffac43a4000 	C:\Windows\system32\rsaenh.dll
0x00007ffab4710000 - 0x00007ffab4809000 	C:\Windows\SYSTEM32\textinputframework.dll
0x00007ffaa47e0000 - 0x00007ffaa483d000 	C:\Users\Zanovello\AppData\Local\Temp\lwjglZanovello\3.3.1-build-7\lwjgl_opengl.dll
0x00007ffa4c7c0000 - 0x00007ffa4c94e000 	C:\Program Files\Eclipse Adoptium\jdk-17.0.8.101-hotspot\bin\awt.dll
0x00007ffac2b90000 - 0x00007ffac2c20000 	C:\Windows\SYSTEM32\apphelp.dll
0x00007ffac5260000 - 0x00007ffac528e000 	C:\Windows\SYSTEM32\USERENV.dll
0x00007ffac4790000 - 0x00007ffac47cb000 	C:\Windows\SYSTEM32\IPHLPAPI.DLL
0x00007ffac7c80000 - 0x00007ffac7c88000 	C:\Windows\System32\NSI.dll
0x00007ffabfd00000 - 0x00007ffabfd17000 	C:\Windows\SYSTEM32\dhcpcsvc6.DLL
0x00007ffabfce0000 - 0x00007ffabfcfd000 	C:\Windows\SYSTEM32\dhcpcsvc.DLL
0x00007ffac47d0000 - 0x00007ffac489a000 	C:\Windows\SYSTEM32\DNSAPI.dll
0x00007ffaac270000 - 0x00007ffaac29d000 	C:\Program Files\Eclipse Adoptium\jdk-17.0.8.101-hotspot\bin\javajpeg.dll

dbghelp: loaded successfully - version: 4.0.5 - missing functions: none
symbol engine: initialized successfully - sym options: 0x614 - pdb path: .;C:\Program Files\Eclipse Adoptium\jdk-17.0.8.101-hotspot\bin;C:\Windows\SYSTEM32;C:\Windows\WinSxS\amd64_microsoft.windows.common-controls_6595b64144ccf1df_6.0.19041.3636_none_60b6a03d71f818d5;C:\Program Files\Eclipse Adoptium\jdk-17.0.8.101-hotspot\bin\server;C:\Users\Zanovello\AppData\Local\Temp\lwjglZanovello\3.3.1-build-7;C:\Users\ZANOVE~1\AppData\Local\Temp\lwjglZanovello\3.3.1-build-7;C:\ProgramData\A-Volute\A-Volute.SonicStudio3\Modules\ScheduledModules\x64;C:\ProgramData\A-Volute\A-Volute.28054DF1F58B4\Modules\ScheduledModules\x64;C:\Windows\System32\DriverStore\FileRepository\nvmd.inf_amd64_1408eaf9a25ed64f

VM Arguments:
jvm_args: -Dfile.encoding=windows-1252 -Duser.country=IT -Duser.language=it -Duser.variant 
java_command: com.zano.test.Launcher
java_class_path (initial): D:\.Mattia\Programmazione\Java\Grafi3D\build\classes\java\main;D:\.Mattia\Programmazione\Java\Grafi3D\build\resources\main;C:\Users\Zanovello\.gradle\caches\modules-2\files-2.1\org.lwjgl\lwjgl-assimp\3.3.1\312072f451794f25670aebb0160ce6ec88aff842\lwjgl-assimp-3.3.1.jar;C:\Users\Zanovello\.gradle\caches\modules-2\files-2.1\org.lwjgl\lwjgl-assimp\3.3.1\bfa2a0d57acbf952b716d0ad8a3acbd7ad9f5639\lwjgl-assimp-3.3.1-natives-windows.jar;C:\Users\Zanovello\.gradle\caches\modules-2\files-2.1\org.lwjgl\lwjgl-bgfx\3.3.1\4243b7d255d885980f10c36edfb678729493685e\lwjgl-bgfx-3.3.1.jar;C:\Users\Zanovello\.gradle\caches\modules-2\files-2.1\org.lwjgl\lwjgl-bgfx\3.3.1\12f22e13c99db9153124dbc17b84fe0233c6f3d5\lwjgl-bgfx-3.3.1-natives-windows.jar;C:\Users\Zanovello\.gradle\caches\modules-2\files-2.1\org.lwjgl\lwjgl-cuda\3.3.1\8b67bd7760450f890eade8f74bfaf0dca10821fe\lwjgl-cuda-3.3.1.jar;C:\Users\Zanovello\.gradle\caches\modules-2\files-2.1\org.lwjgl\lwjgl-egl\3.3.1\8399e6734ad7d97d2e1f865b2c6c5232d5126dca\lwjgl-egl-3.3.1.jar;C:\Users\Zanovello\.gradle\caches\modules-2\files-2.1\org.lwjgl\lwjgl-glfw\3.3.1\cbac1b8d30cb4795149c1ef540f912671a8616d0\lwjgl-glfw-3.3.1.jar;C:\Users\Zanovello\.gradle\caches\modules-2\files-2.1\org.lwjgl\lwjgl-glfw\3.3.1\ed892f945cf7e79c8756796f32d00fa4ceaf573b\lwjgl-glfw-3.3.1-natives-windows.jar;C:\Users\Zanovello\.gradle\caches\modules-2\files-2.1\org.lwjgl\lwjgl-jawt\3.3.1\30330b16b809655d42f4951ece57f425cce43ce2\lwjgl-jawt-3.3.1.jar;C:\Users\Zanovello\.gradle\caches\modules-2\files-2.1\org.lwjgl\lwjgl-jemalloc\3.3.1\a817bcf213db49f710603677457567c37d53e103\lwjgl-jemalloc-3.3.1.jar;C:\Users\Zanovello\.gradle\caches\modules-2\files-2.1\org.lwjgl\lwjgl-jemalloc\3.3.1\948a89b76a16aa324b046ae9308891216ffce5f9\lwjgl-jemalloc-3.3.1-natives-windows.jar;C:\Users\Zanovello\.gradle\caches\modules-2\files-2.1\org.lwjgl\lwjgl-libdivide\3.3.1\ed21d21e4f3d508908ef1a23d885e73983f244ea\lwjgl-libdivide-3.3.1.jar;C:\Users\Zanovello\.gradle\caches\mo
Launcher Type: SUN_STANDARD

[Global flags]
     intx CICompilerCount                          = 4                                         {product} {ergonomic}
     uint ConcGCThreads                            = 3                                         {product} {ergonomic}
     uint G1ConcRefinementThreads                  = 10                                        {product} {ergonomic}
   size_t G1HeapRegionSize                         = 2097152                                   {product} {ergonomic}
    uintx GCDrainStackTargetSize                   = 64                                        {product} {ergonomic}
   size_t InitialHeapSize                          = 268435456                                 {product} {ergonomic}
   size_t MarkStackSize                            = 4194304                                   {product} {ergonomic}
   size_t MaxHeapSize                              = 4271898624                                {product} {ergonomic}
   size_t MaxNewSize                               = 2562719744                                {product} {ergonomic}
   size_t MinHeapDeltaBytes                        = 2097152                                   {product} {ergonomic}
   size_t MinHeapSize                              = 8388608                                   {product} {ergonomic}
    uintx NonNMethodCodeHeapSize                   = 5839372                                {pd product} {ergonomic}
    uintx NonProfiledCodeHeapSize                  = 122909434                              {pd product} {ergonomic}
    uintx ProfiledCodeHeapSize                     = 122909434                              {pd product} {ergonomic}
    uintx ReservedCodeCacheSize                    = 251658240                              {pd product} {ergonomic}
     bool SegmentedCodeCache                       = true                                      {product} {ergonomic}
   size_t SoftMaxHeapSize                          = 4271898624                             {manageable} {ergonomic}
     bool UseCompressedClassPointers               = true                           {product lp64_product} {ergonomic}
     bool UseCompressedOops                        = true                           {product lp64_product} {ergonomic}
     bool UseG1GC                                  = true                                      {product} {ergonomic}
     bool UseLargePagesIndividualAllocation        = false                                  {pd product} {ergonomic}

Logging:
Log output configuration:
 #0: stdout all=warning uptime,level,tags
 #1: stderr all=off uptime,level,tags

Environment Variables:
PATH=C:\Program Files\Eclipse Adoptium\jdk-20.0.2.9-hotspot\bin;D:\.Mattia\Programmazione\C++\Library\VulkanSDK\SDK\Bin;C:\Program Files\Eclipse Adoptium\jdk-17.0.8.101-hotspot\bin;C:\Program Files\Eclipse Adoptium\jdk-8.0.382.5-hotspot\bin;C:\Program Files\Eclipse Adoptium\jdk-11.0.20.101-hotspot\bin;C:\Windows\system32;C:\Windows;C:\Windows\System32\Wbem;C:\Windows\System32\WindowsPowerShell\v1.0\;C:\Windows\System32\OpenSSH\;D:\Programmi\Msys\App\mingw64\bin;C:\Program Files (x86)\Windows Kits\10\Windows Performance Toolkit\;D:\Programmi\Msys\App\ucrt64\bin;D:\Programmi\Putty\App\;C:\Users\Zanovello\AppData\Local\Programs\Python\Python311\Scripts\;C:\Users\Zanovello\AppData\Local\Programs\Python\Python311\;C:\Users\Zanovello\AppData\Local\Microsoft\WindowsApps;D:\Programmi\VisualStudioCode\App\Microsoft VS Code\bin;
USERNAME=Zanovello
OS=Windows_NT
PROCESSOR_IDENTIFIER=AMD64 Family 25 Model 33 Stepping 0, AuthenticAMD
TMP=C:\Users\ZANOVE~1\AppData\Local\Temp
TEMP=C:\Users\ZANOVE~1\AppData\Local\Temp



---------------  S Y S T E M  ---------------

OS:
 Windows 10 , 64 bit Build 19041 (10.0.19041.3636)
OS uptime: 7 days 2:08 hours
Hyper-V role detected

CPU: total 12 (initial active 12) (12 cores per cpu, 2 threads per core) family 25 model 33 stepping 0 microcode 0x0, cx8, cmov, fxsr, ht, mmx, 3dnowpref, sse, sse2, sse3, ssse3, sse4a, sse4.1, sse4.2, popcnt, lzcnt, tsc, tscinvbit, avx, avx2, aes, erms, clmul, bmi1, bmi2, adx, sha, fma, vzeroupper, clflush, clflushopt, hv
Processor Information for all 12 processors :
  Max Mhz: 3701, Current Mhz: 3701, Mhz Limit: 3701

Memory: 4k page, system-wide physical 16292M (6434M free)
TotalPageFile size 23310M (AvailPageFile size 3171M)
current process WorkingSet (physical memory assigned to process): 334M, peak: 334M
current process commit charge ("private bytes"): 620M, peak: 620M

vm_info: OpenJDK 64-Bit Server VM (17.0.8.1+1) for windows-amd64 JRE (17.0.8.1+1), built on Aug 23 2023 15:29:17 by "admin" with MS VC++ 16.7 (VS2019)

END.
