#
# A fatal error has been detected by the Java Runtime Environment:
#
#  EXCEPTION_ACCESS_VIOLATION (0xc0000005) at pc=0x00007ffaab69e047, pid=26228, tid=13772
#
# JRE version: OpenJDK Runtime Environment Temurin-17.0.8.1+1 (17.0.8.1+1) (build 17.0.8.1+1)
# Java VM: OpenJDK 64-Bit Server VM Temurin-17.0.8.1+1 (17.0.8.1+1, mixed mode, sharing, tiered, compressed oops, compressed class ptrs, g1 gc, windows-amd64)
# Problematic frame:
# C  [lwjgl_opengl.dll+0xe047]
#
# No core dump will be written. Minidumps are not enabled by default on client versions of Windows
#
# If you would like to submit a bug report, please visit:
#   https://github.com/adoptium/adoptium-support/issues
# The crash happened outside the Java Virtual Machine in native code.
# See problematic frame for where to report the bug.
#

---------------  S U M M A R Y ------------

Command Line: -Dfile.encoding=windows-1252 -Duser.country=IT -Duser.language=it -Duser.variant com.zano.test.Launcher

Host: AMD Ryzen 5 5600X 6-Core Processor             , 12 cores, 15G,  Windows 10 , 64 bit Build 19041 (10.0.19041.3636)
Time: Wed Dec 27 01:13:28 2023 ora solare Europa occidentale elapsed time: 0.240824 seconds (0d 0h 0m 0s)

---------------  T H R E A D  ---------------

Current thread (0x000001a53ca5e010):  JavaThread "main" [_thread_in_native, id=13772, stack(0x00000060a9f00000,0x00000060aa000000)]

Stack: [0x00000060a9f00000,0x00000060aa000000],  sp=0x00000060a9ffefe8,  free space=1019k
Native frames: (J=compiled Java code, j=interpreted, Vv=VM code, C=native code)
C  [lwjgl_opengl.dll+0xe047]

Java frames: (J=compiled Java code, j=interpreted, Vv=VM code)
j  org.lwjgl.opengl.GL20C.glCreateProgram()I+0
j  org.lwjgl.opengl.GL20.glCreateProgram()I+0
j  com.zano.core.shader.AbShader.<init>(Ljava/lang/String;Ljava/lang/String;)V+5
j  com.zano.core.shader.StaticShader.<init>()V+5
j  com.zano.core.render.EntityRenderer.<init>(Lcom/zano/core/Camera;Ljava/util/List;Ljava/util/List;)V+9
j  com.zano.core.render.MasterRenderer.<init>(Ljava/util/List;Ljava/util/List;Lcom/zano/core/Camera;)V+27
j  com.zano.test.TestGame.<init>()V+54
j  com.zano.test.Launcher.main([Ljava/lang/String;)V+23
v  ~StubRoutines::call_stub

siginfo: EXCEPTION_ACCESS_VIOLATION (0xc0000005), reading address 0x0000000000000e20


Register to memory mapping:

RIP=0x00007ffaab69e047 lwjgl_opengl.dll
RAX=0x000001a5a7b2af30 points into unknown readable memory: 0x0000000000000000 | 00 00 00 00 00 00 00 00
RBX={method} {0x000001a5a358ed98} 'glCreateProgram' '()I' in 'org/lwjgl/opengl/GL20C'
RCX=0x0 is NULL
RDX=0x00000060a9fff070 is pointing into the stack for thread: 0x000001a53ca5e010
RSP=0x00000060a9ffefe8 is pointing into the stack for thread: 0x000001a53ca5e010
RBP=0x00000060a9fff060 is pointing into the stack for thread: 0x000001a53ca5e010
RSI=0x0 is NULL
RDI=0x00000000000053f6 is an unknown value
R8 =0x0000000000000002 is an unknown value
R9 =0x0000000000000002 is an unknown value
R10=0x000001a54d2fd5f2 is at code_begin+946 in an Interpreter codelet
method entry point (kind = native)  [0x000001a54d2fd240, 0x000001a54d2fdbc0]  2432 bytes
R11=0x0000000710942550 is an oop: java.lang.Class 
{0x0000000710942550} - klass: 'java/lang/Class'
 - ---- fields (total size 54 words):
 - private volatile transient 'classRedefinedCount' 'I' @12  0
 - private volatile transient 'cachedConstructor' 'Ljava/lang/reflect/Constructor;' @40  NULL (0)
 - private transient 'name' 'Ljava/lang/String;' @44  "org.lwjgl.opengl.GL20C"{0x0000000710942710} (e21284e2)
 - private transient 'module' 'Ljava/lang/Module;' @48  a 'java/lang/Module'{0x00000007114fb228} (e229f645)
 - private final 'classLoader' 'Ljava/lang/ClassLoader;' @52  a 'jdk/internal/loader/ClassLoaders$AppClassLoader'{0x00000007114fb068} (e229f60d)
 - private transient 'classData' 'Ljava/lang/Object;' @56  NULL (0)
 - private transient 'packageName' 'Ljava/lang/String;' @60  "org.lwjgl.opengl"{0x0000000710ec65c0} (e21d8cb8)
 - private final 'componentType' 'Ljava/lang/Class;' @64  NULL (0)
 - private volatile transient 'reflectionData' 'Ljava/lang/ref/SoftReference;' @68  NULL (0)
 - private volatile transient 'genericInfo' 'Lsun/reflect/generics/repository/ClassRepository;' @72  NULL (0)
 - private volatile transient 'enumConstants' '[Ljava/lang/Object;' @76  NULL (0)
 - private volatile transient 'enumConstantDirectory' 'Ljava/util/Map;' @80  NULL (0)
 - private volatile transient 'annotationData' 'Ljava/lang/Class$AnnotationData;' @84  NULL (0)
 - private volatile transient 'annotationType' 'Lsun/reflect/annotation/AnnotationType;' @88  NULL (0)
 - transient 'classValueMap' 'Ljava/lang/ClassValue$ClassValueMap;' @92  NULL (0)
 - signature: Lorg/lwjgl/opengl/GL20C;
 - fake entry for mirror: 'org/lwjgl/opengl/GL20C'
 - fake entry for array: NULL
 - fake entry for oop_size: 54
 - fake entry for static_oop_field_count: 0
 - public static final 'GL_SHADING_LANGUAGE_VERSION' 'I' @112  35724 (8b8c)
 - public static final 'GL_CURRENT_PROGRAM' 'I' @116  35725 (8b8d)
 - public static final 'GL_SHADER_TYPE' 'I' @120  35663 (8b4f)
 - public static final 'GL_DELETE_STATUS' 'I' @124  35712 (8b80)
 - public static final 'GL_COMPILE_STATUS' 'I' @128  35713 (8b81)
 - public static final 'GL_LINK_STATUS' 'I' @132  35714 (8b82)
 - public static final 'GL_VALIDATE_STATUS' 'I' @136  35715 (8b83)
 - public static final 'GL_INFO_LOG_LENGTH' 'I' @140  35716 (8b84)
 - public static final 'GL_ATTACHED_SHADERS' 'I' @144  35717 (8b85)
 - public static final 'GL_ACTIVE_UNIFORMS' 'I' @148  35718 (8b86)
 - public static final 'GL_ACTIVE_UNIFORM_MAX_LENGTH' 'I' @152  35719 (8b87)
 - public static final 'GL_ACTIVE_ATTRIBUTES' 'I' @156  35721 (8b89)
 - public static final 'GL_ACTIVE_ATTRIBUTE_MAX_LENGTH' 'I' @160  35722 (8b8a)
 - public static final 'GL_SHADER_SOURCE_LENGTH' 'I' @164  35720 (8b88)
 - public static final 'GL_FLOAT_VEC2' 'I' @168  35664 (8b50)
 - public static final 'GL_FLOAT_VEC3' 'I' @172  35665 (8b51)
 - public static final 'GL_FLOAT_VEC4' 'I' @176  35666 (8b52)
 - public static final 'GL_INT_VEC2' 'I' @180  35667 (8b53)
 - public static final 'GL_INT_VEC3' 'I' @184  35668 (8b54)
 - public static final 'GL_INT_VEC4' 'I' @188  35669 (8b55)
 - public static final 'GL_BOOL' 'I' @192  35670 (8b56)
 - public static final 'GL_BOOL_VEC2' 'I' @196  35671 (8b57)
 - public static final 'GL_BOOL_VEC3' 'I' @200  35672 (8b58)
 - public static final 'GL_BOOL_VEC4' 'I' @204  35673 (8b59)
 - public static final 'GL_FLOAT_MAT2' 'I' @208  35674 (8b5a)
 - public static final 'GL_FLOAT_MAT3' 'I' @212  35675 (8b5b)
 - public static final 'GL_FLOAT_MAT4' 'I' @216  35676 (8b5c)
 - public static final 'GL_SAMPLER_1D' 'I' @220  35677 (8b5d)
 - public static final 'GL_SAMPLER_2D' 'I' @224  35678 (8b5e)
 - public static final 'GL_SAMPLER_3D' 'I' @228  35679 (8b5f)
 - public static final 'GL_SAMPLER_CUBE' 'I' @232  35680 (8b60)
 - public static final 'GL_SAMPLER_1D_SHADOW' 'I' @236  35681 (8b61)
 - public static final 'GL_SAMPLER_2D_SHADOW' 'I' @240  35682 (8b62)
 - public static final 'GL_VERTEX_SHADER' 'I' @244  35633 (8b31)
 - public static final 'GL_MAX_VERTEX_UNIFORM_COMPONENTS' 'I' @248  35658 (8b4a)
 - public static final 'GL_MAX_VARYING_FLOATS' 'I' @252  35659 (8b4b)
 - public static final 'GL_MAX_VERTEX_ATTRIBS' 'I' @256  34921 (8869)
 - public static final 'GL_MAX_TEXTURE_IMAGE_UNITS' 'I' @260  34930 (8872)
 - public static final 'GL_MAX_VERTEX_TEXTURE_IMAGE_UNITS' 'I' @264  35660 (8b4c)
 - public static final 'GL_MAX_COMBINED_TEXTURE_IMAGE_UNITS' 'I' @268  35661 (8b4d)
 - public static final 'GL_VERTEX_PROGRAM_POINT_SIZE' 'I' @272  34370 (8642)
 - public static final 'GL_VERTEX_ATTRIB_ARRAY_ENABLED' 'I' @276  34338 (8622)
 - public static final 'GL_VERTEX_ATTRIB_ARRAY_SIZE' 'I' @280  34339 (8623)
 - public static final 'GL_VERTEX_ATTRIB_ARRAY_STRIDE' 'I' @284  34340 (8624)
 - public static final 'GL_VERTEX_ATTRIB_ARRAY_TYPE' 'I' @288  34341 (8625)
 - public static final 'GL_VERTEX_ATTRIB_ARRAY_NORMALIZED' 'I' @292  34922 (886a)
 - public static final 'GL_CURRENT_VERTEX_ATTRIB' 'I' @296  34342 (8626)
 - public static final 'GL_VERTEX_ATTRIB_ARRAY_POINTER' 'I' @300  34373 (8645)
 - public static final 'GL_FRAGMENT_SHADER' 'I' @304  35632 (8b30)
 - public static final 'GL_MAX_FRAGMENT_UNIFORM_COMPONENTS' 'I' @308  35657 (8b49)
 - public static final 'GL_FRAGMENT_SHADER_DERIVATIVE_HINT' 'I' @312  35723 (8b8b)
 - public static final 'GL_MAX_DRAW_BUFFERS' 'I' @316  34852 (8824)
 - public static final 'GL_DRAW_BUFFER0' 'I' @320  34853 (8825)
 - public static final 'GL_DRAW_BUFFER1' 'I' @324  34854 (8826)
 - public static final 'GL_DRAW_BUFFER2' 'I' @328  34855 (8827)
 - public static final 'GL_DRAW_BUFFER3' 'I' @332  34856 (8828)
 - public static final 'GL_DRAW_BUFFER4' 'I' @336  34857 (8829)
 - public static final 'GL_DRAW_BUFFER5' 'I' @340  34858 (882a)
 - public static final 'GL_DRAW_BUFFER6' 'I' @344  34859 (882b)
 - public static final 'GL_DRAW_BUFFER7' 'I' @348  34860 (882c)
 - public static final 'GL_DRAW_BUFFER8' 'I' @352  34861 (882d)
 - public static final 'GL_DRAW_BUFFER9' 'I' @356  34862 (882e)
 - public static final 'GL_DRAW_BUFFER10' 'I' @360  34863 (882f)
 - public static final 'GL_DRAW_BUFFER11' 'I' @364  34864 (8830)
 - public static final 'GL_DRAW_BUFFER12' 'I' @368  34865 (8831)
 - public static final 'GL_DRAW_BUFFER13' 'I' @372  34866 (8832)
 - public static final 'GL_DRAW_BUFFER14' 'I' @376  34867 (8833)
 - public static final 'GL_DRAW_BUFFER15' 'I' @380  34868 (8834)
 - public static final 'GL_POINT_SPRITE_COORD_ORIGIN' 'I' @384  36000 (8ca0)
 - public static final 'GL_LOWER_LEFT' 'I' @388  36001 (8ca1)
 - public static final 'GL_UPPER_LEFT' 'I' @392  36002 (8ca2)
 - public static final 'GL_BLEND_EQUATION_RGB' 'I' @396  32777 (8009)
 - public static final 'GL_BLEND_EQUATION_ALPHA' 'I' @400  34877 (883d)
 - public static final 'GL_STENCIL_BACK_FUNC' 'I' @404  34816 (8800)
 - public static final 'GL_STENCIL_BACK_FAIL' 'I' @408  34817 (8801)
 - public static final 'GL_STENCIL_BACK_PASS_DEPTH_FAIL' 'I' @412  34818 (8802)
 - public static final 'GL_STENCIL_BACK_PASS_DEPTH_PASS' 'I' @416  34819 (8803)
 - public static final 'GL_STENCIL_BACK_REF' 'I' @420  36003 (8ca3)
 - public static final 'GL_STENCIL_BACK_VALUE_MASK' 'I' @424  36004 (8ca4)
 - public static final 'GL_STENCIL_BACK_WRITEMASK' 'I' @428  36005 (8ca5)
R12=0x0 is NULL
R13=0x000001a5a358ed88 is pointing into metadata
R14=0x00000060a9fff078 is pointing into the stack for thread: 0x000001a53ca5e010
R15=0x000001a53ca5e010 is a thread


Registers:
RAX=0x000001a5a7b2af30, RBX=0x000001a5a358ed90, RCX=0x0000000000000000, RDX=0x00000060a9fff070
RSP=0x00000060a9ffefe8, RBP=0x00000060a9fff060, RSI=0x0000000000000000, RDI=0x00000000000053f6
R8 =0x0000000000000002, R9 =0x0000000000000002, R10=0x000001a54d2fd5f2, R11=0x0000000710942550
R12=0x0000000000000000, R13=0x000001a5a358ed88, R14=0x00000060a9fff078, R15=0x000001a53ca5e010
RIP=0x00007ffaab69e047, EFLAGS=0x0000000000010206

Top of Stack: (sp=0x00000060a9ffefe8)
0x00000060a9ffefe8:   000001a54d2fd621 000001a5a358ed90
0x00000060a9ffeff8:   0000000000000000 000001a53ca5e010
0x00000060a9fff008:   00000060a9fff050 000001a54d2fd2f6
0x00000060a9fff018:   00000060a9fff018 000001a5a358ed88
0x00000060a9fff028:   00000060a9fff078 000001a5a35ba5f0
0x00000060a9fff038:   0000000000000000 0000000710942550
0x00000060a9fff048:   000001a5a358ed90 0000000000000000
0x00000060a9fff058:   00000060a9fff080 00000060a9fff0c8
0x00000060a9fff068:   000001a54d2f9612 0000000710942550
0x00000060a9fff078:   000001a54d2faf76 00000060a9fff080
0x00000060a9fff088:   000001a5a3473a18 00000060a9fff0d0
0x00000060a9fff098:   000001a5a34d1ee0 0000000000000000
0x00000060a9fff0a8:   0000000710f6d698 000001a5a3473a30
0x00000060a9fff0b8:   00000060a9fff080 00000060a9fff0d8
0x00000060a9fff0c8:   00000060a9fff128 000001a54d2f9612
0x00000060a9fff0d8:   0000000710ec1e68 00000060a9fff0e0 

Instructions: (pc=0x00007ffaab69e047)
0x00007ffaab69df47:   8b c8 4c 8b 50 18 49 ff a2 e0 0d 00 00 cc cc cc
0x00007ffaab69df57:   cc cc cc cc cc cc cc cc cc 48 8b 01 49 8b d1 41
0x00007ffaab69df67:   8b c8 4c 8b 50 18 49 ff a2 e8 0d 00 00 cc cc cc
0x00007ffaab69df77:   cc cc cc cc cc cc cc cc cc 48 8b 01 48 8b 48 18
0x00007ffaab69df87:   48 8b 81 f0 0d 00 00 41 8b c8 48 ff e0 cc cc cc
0x00007ffaab69df97:   cc cc cc cc cc cc cc cc cc 48 8b 01 41 8b d1 41
0x00007ffaab69dfa7:   8b c8 4c 8b 50 18 49 ff a2 f8 0d 00 00 cc cc cc
0x00007ffaab69dfb7:   cc cc cc cc cc cc cc cc cc 48 8b 01 41 8b c8 48
0x00007ffaab69dfc7:   8b 50 18 48 ff a2 00 0e 00 00 cc cc cc cc cc cc
0x00007ffaab69dfd7:   cc cc cc cc cc cc cc cc cc 48 8b 01 45 8b d8 4c
0x00007ffaab69dfe7:   8b 44 24 28 41 8b d1 41 8b cb 4c 8b 50 18 49 ff
0x00007ffaab69dff7:   a2 08 0e 00 00 cc cc cc cc 48 8b 01 45 8b d8 4c
0x00007ffaab69e007:   8b 44 24 28 41 8b d1 41 8b cb 4c 8b 50 18 49 ff
0x00007ffaab69e017:   a2 10 0e 00 00 cc cc cc cc 48 8b 01 45 8b d8 4c
0x00007ffaab69e027:   8b 44 24 28 41 8b d1 41 8b cb 4c 8b 50 18 49 ff
0x00007ffaab69e037:   a2 18 0e 00 00 cc cc cc cc 48 8b 01 48 8b 48 18
0x00007ffaab69e047:   48 8b 81 20 0e 00 00 48 ff e0 cc cc cc cc cc cc
0x00007ffaab69e057:   cc cc cc cc cc cc cc cc cc 48 8b 01 41 8b c8 48
0x00007ffaab69e067:   8b 50 18 48 ff a2 28 0e 00 00 cc cc cc cc cc cc
0x00007ffaab69e077:   cc cc cc cc cc cc cc cc cc 48 8b 01 48 8b 48 18
0x00007ffaab69e087:   48 8b 81 30 0e 00 00 41 8b c8 48 ff e0 cc cc cc
0x00007ffaab69e097:   cc cc cc cc cc cc cc cc cc 48 8b 01 48 8b 48 18
0x00007ffaab69e0a7:   48 8b 81 38 0e 00 00 41 8b c8 48 ff e0 cc cc cc
0x00007ffaab69e0b7:   cc cc cc cc cc cc cc cc cc 48 8b 01 41 8b c8 48
0x00007ffaab69e0c7:   8b 50 18 48 ff a2 40 0e 00 00 cc cc cc cc cc cc
0x00007ffaab69e0d7:   cc cc cc cc cc cc cc cc cc 48 8b 01 48 8b 48 18
0x00007ffaab69e0e7:   48 8b 81 48 0e 00 00 41 8b c8 48 ff e0 cc cc cc
0x00007ffaab69e0f7:   cc cc cc cc cc cc cc cc cc 48 8b 01 41 8b d1 41
0x00007ffaab69e107:   8b c8 4c 8b 50 18 49 ff a2 50 0e 00 00 cc cc cc
0x00007ffaab69e117:   cc cc cc cc cc cc cc cc cc 48 8b 01 41 8b d1 41
0x00007ffaab69e127:   8b c8 4c 8b 50 18 49 ff a2 58 0e 00 00 cc cc cc
0x00007ffaab69e137:   cc cc cc cc cc cc cc cc cc 40 53 48 8b 01 41 8b 


Stack slot to memory mapping:
stack at sp + 0 slots: 0x000001a54d2fd621 is at code_begin+993 in an Interpreter codelet
method entry point (kind = native)  [0x000001a54d2fd240, 0x000001a54d2fdbc0]  2432 bytes
stack at sp + 1 slots: {method} {0x000001a5a358ed98} 'glCreateProgram' '()I' in 'org/lwjgl/opengl/GL20C'
stack at sp + 2 slots: 0x0 is NULL
stack at sp + 3 slots: 0x000001a53ca5e010 is a thread
stack at sp + 4 slots: 0x00000060a9fff050 is pointing into the stack for thread: 0x000001a53ca5e010
stack at sp + 5 slots: 0x000001a54d2fd2f6 is at code_begin+182 in an Interpreter codelet
method entry point (kind = native)  [0x000001a54d2fd240, 0x000001a54d2fdbc0]  2432 bytes
stack at sp + 6 slots: 0x00000060a9fff018 is pointing into the stack for thread: 0x000001a53ca5e010
stack at sp + 7 slots: 0x000001a5a358ed88 is pointing into metadata


---------------  P R O C E S S  ---------------

Threads class SMR info:
_java_thread_list=0x000001a5a7b96140, length=13, elements={
0x000001a53ca5e010, 0x000001a561f1b060, 0x000001a561f1bee0, 0x000001a5a7010a10,
0x000001a5a70114e0, 0x000001a5a7013eb0, 0x000001a5a7014870, 0x000001a5a7019f20,
0x000001a5a70249f0, 0x000001a5a70253f0, 0x000001a5a714fef0, 0x000001a5a715b2c0,
0x000001a5a76f7560
}

Java Threads: ( => current thread )
=>0x000001a53ca5e010 JavaThread "main" [_thread_in_native, id=13772, stack(0x00000060a9f00000,0x00000060aa000000)]
  0x000001a561f1b060 JavaThread "Reference Handler" daemon [_thread_blocked, id=4960, stack(0x00000060aa600000,0x00000060aa700000)]
  0x000001a561f1bee0 JavaThread "Finalizer" daemon [_thread_blocked, id=3832, stack(0x00000060aa700000,0x00000060aa800000)]
  0x000001a5a7010a10 JavaThread "Signal Dispatcher" daemon [_thread_blocked, id=11388, stack(0x00000060aa800000,0x00000060aa900000)]
  0x000001a5a70114e0 JavaThread "Attach Listener" daemon [_thread_blocked, id=17216, stack(0x00000060aa900000,0x00000060aaa00000)]
  0x000001a5a7013eb0 JavaThread "Service Thread" daemon [_thread_blocked, id=16488, stack(0x00000060aaa00000,0x00000060aab00000)]
  0x000001a5a7014870 JavaThread "Monitor Deflation Thread" daemon [_thread_blocked, id=28784, stack(0x00000060aab00000,0x00000060aac00000)]
  0x000001a5a7019f20 JavaThread "C2 CompilerThread0" daemon [_thread_blocked, id=7448, stack(0x00000060aac00000,0x00000060aad00000)]
  0x000001a5a70249f0 JavaThread "C1 CompilerThread0" daemon [_thread_blocked, id=22520, stack(0x00000060aad00000,0x00000060aae00000)]
  0x000001a5a70253f0 JavaThread "Sweeper thread" daemon [_thread_blocked, id=8752, stack(0x00000060aae00000,0x00000060aaf00000)]
  0x000001a5a714fef0 JavaThread "Notification Thread" daemon [_thread_blocked, id=7020, stack(0x00000060aaf00000,0x00000060ab000000)]
  0x000001a5a715b2c0 JavaThread "Common-Cleaner" daemon [_thread_blocked, id=28132, stack(0x00000060ab100000,0x00000060ab200000)]
  0x000001a5a76f7560 JavaThread "C2 CompilerThread1" daemon [_thread_blocked, id=12092, stack(0x00000060ab200000,0x00000060ab300000)]

Other Threads:
  0x000001a561f13790 VMThread "VM Thread" [stack: 0x00000060aa500000,0x00000060aa600000] [id=10884]
  0x000001a53cb4fdb0 WatcherThread [stack: 0x00000060ab000000,0x00000060ab100000] [id=17384]
  0x000001a53cb38570 GCTaskThread "GC Thread#0" [stack: 0x00000060aa000000,0x00000060aa100000] [id=25632]
  0x000001a53cb49350 ConcurrentGCThread "G1 Main Marker" [stack: 0x00000060aa100000,0x00000060aa200000] [id=6544]
  0x000001a53cb4a500 ConcurrentGCThread "G1 Conc#0" [stack: 0x00000060aa200000,0x00000060aa300000] [id=30496]
  0x000001a561dc91e0 ConcurrentGCThread "G1 Refine#0" [stack: 0x00000060aa300000,0x00000060aa400000] [id=20500]
  0x000001a561dc9c10 ConcurrentGCThread "G1 Service" [stack: 0x00000060aa400000,0x00000060aa500000] [id=21332]

Threads with active compile tasks:

VM state: not at safepoint (normal execution)

VM Mutex/Monitor currently owned by a thread: None

Heap address: 0x0000000701600000, size: 4074 MB, Compressed Oops mode: Zero based, Oop shift amount: 3

CDS archive(s) mapped at: [0x000001a562000000-0x000001a562bd0000-0x000001a562bd0000), size 12386304, SharedBaseAddress: 0x000001a562000000, ArchiveRelocationMode: 1.
Compressed class space mapped at: 0x000001a563000000-0x000001a5a3000000, reserved size: 1073741824
Narrow klass base: 0x000001a562000000, Narrow klass shift: 0, Narrow klass range: 0x100000000

GC Precious Log:
 CPUs: 12 total, 12 available
 Memory: 16292M
 Large Page Support: Disabled
 NUMA Support: Disabled
 Compressed Oops: Enabled (Zero based)
 Heap Region Size: 2M
 Heap Min Capacity: 8M
 Heap Initial Capacity: 256M
 Heap Max Capacity: 4074M
 Pre-touch: Disabled
 Parallel Workers: 10
 Concurrent Workers: 3
 Concurrent Refinement Workers: 10
 Periodic GC: Disabled

Heap:
 garbage-first heap   total 262144K, used 12288K [0x0000000701600000, 0x0000000800000000)
  region size 2048K, 7 young (14336K), 0 survivors (0K)
 Metaspace       used 3052K, committed 3200K, reserved 1114112K
  class space    used 159K, committed 256K, reserved 1048576K

Heap Regions: E=young(eden), S=young(survivor), O=old, HS=humongous(starts), HC=humongous(continues), CS=collection set, F=free, OA=open archive, CA=closed archive, TAMS=top-at-mark-start (previous, next)
|   0|0x0000000701600000, 0x0000000701600000, 0x0000000701800000|  0%| F|  |TAMS 0x0000000701600000, 0x0000000701600000| Untracked 
|   1|0x0000000701800000, 0x0000000701800000, 0x0000000701a00000|  0%| F|  |TAMS 0x0000000701800000, 0x0000000701800000| Untracked 
|   2|0x0000000701a00000, 0x0000000701a00000, 0x0000000701c00000|  0%| F|  |TAMS 0x0000000701a00000, 0x0000000701a00000| Untracked 
|   3|0x0000000701c00000, 0x0000000701c00000, 0x0000000701e00000|  0%| F|  |TAMS 0x0000000701c00000, 0x0000000701c00000| Untracked 
|   4|0x0000000701e00000, 0x0000000701e00000, 0x0000000702000000|  0%| F|  |TAMS 0x0000000701e00000, 0x0000000701e00000| Untracked 
|   5|0x0000000702000000, 0x0000000702000000, 0x0000000702200000|  0%| F|  |TAMS 0x0000000702000000, 0x0000000702000000| Untracked 
|   6|0x0000000702200000, 0x0000000702200000, 0x0000000702400000|  0%| F|  |TAMS 0x0000000702200000, 0x0000000702200000| Untracked 
|   7|0x0000000702400000, 0x0000000702400000, 0x0000000702600000|  0%| F|  |TAMS 0x0000000702400000, 0x0000000702400000| Untracked 
|   8|0x0000000702600000, 0x0000000702600000, 0x0000000702800000|  0%| F|  |TAMS 0x0000000702600000, 0x0000000702600000| Untracked 
|   9|0x0000000702800000, 0x0000000702800000, 0x0000000702a00000|  0%| F|  |TAMS 0x0000000702800000, 0x0000000702800000| Untracked 
|  10|0x0000000702a00000, 0x0000000702a00000, 0x0000000702c00000|  0%| F|  |TAMS 0x0000000702a00000, 0x0000000702a00000| Untracked 
|  11|0x0000000702c00000, 0x0000000702c00000, 0x0000000702e00000|  0%| F|  |TAMS 0x0000000702c00000, 0x0000000702c00000| Untracked 
|  12|0x0000000702e00000, 0x0000000702e00000, 0x0000000703000000|  0%| F|  |TAMS 0x0000000702e00000, 0x0000000702e00000| Untracked 
|  13|0x0000000703000000, 0x0000000703000000, 0x0000000703200000|  0%| F|  |TAMS 0x0000000703000000, 0x0000000703000000| Untracked 
|  14|0x0000000703200000, 0x0000000703200000, 0x0000000703400000|  0%| F|  |TAMS 0x0000000703200000, 0x0000000703200000| Untracked 
|  15|0x0000000703400000, 0x0000000703400000, 0x0000000703600000|  0%| F|  |TAMS 0x0000000703400000, 0x0000000703400000| Untracked 
|  16|0x0000000703600000, 0x0000000703600000, 0x0000000703800000|  0%| F|  |TAMS 0x0000000703600000, 0x0000000703600000| Untracked 
|  17|0x0000000703800000, 0x0000000703800000, 0x0000000703a00000|  0%| F|  |TAMS 0x0000000703800000, 0x0000000703800000| Untracked 
|  18|0x0000000703a00000, 0x0000000703a00000, 0x0000000703c00000|  0%| F|  |TAMS 0x0000000703a00000, 0x0000000703a00000| Untracked 
|  19|0x0000000703c00000, 0x0000000703c00000, 0x0000000703e00000|  0%| F|  |TAMS 0x0000000703c00000, 0x0000000703c00000| Untracked 
|  20|0x0000000703e00000, 0x0000000703e00000, 0x0000000704000000|  0%| F|  |TAMS 0x0000000703e00000, 0x0000000703e00000| Untracked 
|  21|0x0000000704000000, 0x0000000704000000, 0x0000000704200000|  0%| F|  |TAMS 0x0000000704000000, 0x0000000704000000| Untracked 
|  22|0x0000000704200000, 0x0000000704200000, 0x0000000704400000|  0%| F|  |TAMS 0x0000000704200000, 0x0000000704200000| Untracked 
|  23|0x0000000704400000, 0x0000000704400000, 0x0000000704600000|  0%| F|  |TAMS 0x0000000704400000, 0x0000000704400000| Untracked 
|  24|0x0000000704600000, 0x0000000704600000, 0x0000000704800000|  0%| F|  |TAMS 0x0000000704600000, 0x0000000704600000| Untracked 
|  25|0x0000000704800000, 0x0000000704800000, 0x0000000704a00000|  0%| F|  |TAMS 0x0000000704800000, 0x0000000704800000| Untracked 
|  26|0x0000000704a00000, 0x0000000704a00000, 0x0000000704c00000|  0%| F|  |TAMS 0x0000000704a00000, 0x0000000704a00000| Untracked 
|  27|0x0000000704c00000, 0x0000000704c00000, 0x0000000704e00000|  0%| F|  |TAMS 0x0000000704c00000, 0x0000000704c00000| Untracked 
|  28|0x0000000704e00000, 0x0000000704e00000, 0x0000000705000000|  0%| F|  |TAMS 0x0000000704e00000, 0x0000000704e00000| Untracked 
|  29|0x0000000705000000, 0x0000000705000000, 0x0000000705200000|  0%| F|  |TAMS 0x0000000705000000, 0x0000000705000000| Untracked 
|  30|0x0000000705200000, 0x0000000705200000, 0x0000000705400000|  0%| F|  |TAMS 0x0000000705200000, 0x0000000705200000| Untracked 
|  31|0x0000000705400000, 0x0000000705400000, 0x0000000705600000|  0%| F|  |TAMS 0x0000000705400000, 0x0000000705400000| Untracked 
|  32|0x0000000705600000, 0x0000000705600000, 0x0000000705800000|  0%| F|  |TAMS 0x0000000705600000, 0x0000000705600000| Untracked 
|  33|0x0000000705800000, 0x0000000705800000, 0x0000000705a00000|  0%| F|  |TAMS 0x0000000705800000, 0x0000000705800000| Untracked 
|  34|0x0000000705a00000, 0x0000000705a00000, 0x0000000705c00000|  0%| F|  |TAMS 0x0000000705a00000, 0x0000000705a00000| Untracked 
|  35|0x0000000705c00000, 0x0000000705c00000, 0x0000000705e00000|  0%| F|  |TAMS 0x0000000705c00000, 0x0000000705c00000| Untracked 
|  36|0x0000000705e00000, 0x0000000705e00000, 0x0000000706000000|  0%| F|  |TAMS 0x0000000705e00000, 0x0000000705e00000| Untracked 
|  37|0x0000000706000000, 0x0000000706000000, 0x0000000706200000|  0%| F|  |TAMS 0x0000000706000000, 0x0000000706000000| Untracked 
|  38|0x0000000706200000, 0x0000000706200000, 0x0000000706400000|  0%| F|  |TAMS 0x0000000706200000, 0x0000000706200000| Untracked 
|  39|0x0000000706400000, 0x0000000706400000, 0x0000000706600000|  0%| F|  |TAMS 0x0000000706400000, 0x0000000706400000| Untracked 
|  40|0x0000000706600000, 0x0000000706600000, 0x0000000706800000|  0%| F|  |TAMS 0x0000000706600000, 0x0000000706600000| Untracked 
|  41|0x0000000706800000, 0x0000000706800000, 0x0000000706a00000|  0%| F|  |TAMS 0x0000000706800000, 0x0000000706800000| Untracked 
|  42|0x0000000706a00000, 0x0000000706a00000, 0x0000000706c00000|  0%| F|  |TAMS 0x0000000706a00000, 0x0000000706a00000| Untracked 
|  43|0x0000000706c00000, 0x0000000706c00000, 0x0000000706e00000|  0%| F|  |TAMS 0x0000000706c00000, 0x0000000706c00000| Untracked 
|  44|0x0000000706e00000, 0x0000000706e00000, 0x0000000707000000|  0%| F|  |TAMS 0x0000000706e00000, 0x0000000706e00000| Untracked 
|  45|0x0000000707000000, 0x0000000707000000, 0x0000000707200000|  0%| F|  |TAMS 0x0000000707000000, 0x0000000707000000| Untracked 
|  46|0x0000000707200000, 0x0000000707200000, 0x0000000707400000|  0%| F|  |TAMS 0x0000000707200000, 0x0000000707200000| Untracked 
|  47|0x0000000707400000, 0x0000000707400000, 0x0000000707600000|  0%| F|  |TAMS 0x0000000707400000, 0x0000000707400000| Untracked 
|  48|0x0000000707600000, 0x0000000707600000, 0x0000000707800000|  0%| F|  |TAMS 0x0000000707600000, 0x0000000707600000| Untracked 
|  49|0x0000000707800000, 0x0000000707800000, 0x0000000707a00000|  0%| F|  |TAMS 0x0000000707800000, 0x0000000707800000| Untracked 
|  50|0x0000000707a00000, 0x0000000707a00000, 0x0000000707c00000|  0%| F|  |TAMS 0x0000000707a00000, 0x0000000707a00000| Untracked 
|  51|0x0000000707c00000, 0x0000000707c00000, 0x0000000707e00000|  0%| F|  |TAMS 0x0000000707c00000, 0x0000000707c00000| Untracked 
|  52|0x0000000707e00000, 0x0000000707e00000, 0x0000000708000000|  0%| F|  |TAMS 0x0000000707e00000, 0x0000000707e00000| Untracked 
|  53|0x0000000708000000, 0x0000000708000000, 0x0000000708200000|  0%| F|  |TAMS 0x0000000708000000, 0x0000000708000000| Untracked 
|  54|0x0000000708200000, 0x0000000708200000, 0x0000000708400000|  0%| F|  |TAMS 0x0000000708200000, 0x0000000708200000| Untracked 
|  55|0x0000000708400000, 0x0000000708400000, 0x0000000708600000|  0%| F|  |TAMS 0x0000000708400000, 0x0000000708400000| Untracked 
|  56|0x0000000708600000, 0x0000000708600000, 0x0000000708800000|  0%| F|  |TAMS 0x0000000708600000, 0x0000000708600000| Untracked 
|  57|0x0000000708800000, 0x0000000708800000, 0x0000000708a00000|  0%| F|  |TAMS 0x0000000708800000, 0x0000000708800000| Untracked 
|  58|0x0000000708a00000, 0x0000000708a00000, 0x0000000708c00000|  0%| F|  |TAMS 0x0000000708a00000, 0x0000000708a00000| Untracked 
|  59|0x0000000708c00000, 0x0000000708c00000, 0x0000000708e00000|  0%| F|  |TAMS 0x0000000708c00000, 0x0000000708c00000| Untracked 
|  60|0x0000000708e00000, 0x0000000708e00000, 0x0000000709000000|  0%| F|  |TAMS 0x0000000708e00000, 0x0000000708e00000| Untracked 
|  61|0x0000000709000000, 0x0000000709000000, 0x0000000709200000|  0%| F|  |TAMS 0x0000000709000000, 0x0000000709000000| Untracked 
|  62|0x0000000709200000, 0x0000000709200000, 0x0000000709400000|  0%| F|  |TAMS 0x0000000709200000, 0x0000000709200000| Untracked 
|  63|0x0000000709400000, 0x0000000709400000, 0x0000000709600000|  0%| F|  |TAMS 0x0000000709400000, 0x0000000709400000| Untracked 
|  64|0x0000000709600000, 0x0000000709600000, 0x0000000709800000|  0%| F|  |TAMS 0x0000000709600000, 0x0000000709600000| Untracked 
|  65|0x0000000709800000, 0x0000000709800000, 0x0000000709a00000|  0%| F|  |TAMS 0x0000000709800000, 0x0000000709800000| Untracked 
|  66|0x0000000709a00000, 0x0000000709a00000, 0x0000000709c00000|  0%| F|  |TAMS 0x0000000709a00000, 0x0000000709a00000| Untracked 
|  67|0x0000000709c00000, 0x0000000709c00000, 0x0000000709e00000|  0%| F|  |TAMS 0x0000000709c00000, 0x0000000709c00000| Untracked 
|  68|0x0000000709e00000, 0x0000000709e00000, 0x000000070a000000|  0%| F|  |TAMS 0x0000000709e00000, 0x0000000709e00000| Untracked 
|  69|0x000000070a000000, 0x000000070a000000, 0x000000070a200000|  0%| F|  |TAMS 0x000000070a000000, 0x000000070a000000| Untracked 
|  70|0x000000070a200000, 0x000000070a200000, 0x000000070a400000|  0%| F|  |TAMS 0x000000070a200000, 0x000000070a200000| Untracked 
|  71|0x000000070a400000, 0x000000070a400000, 0x000000070a600000|  0%| F|  |TAMS 0x000000070a400000, 0x000000070a400000| Untracked 
|  72|0x000000070a600000, 0x000000070a600000, 0x000000070a800000|  0%| F|  |TAMS 0x000000070a600000, 0x000000070a600000| Untracked 
|  73|0x000000070a800000, 0x000000070a800000, 0x000000070aa00000|  0%| F|  |TAMS 0x000000070a800000, 0x000000070a800000| Untracked 
|  74|0x000000070aa00000, 0x000000070aa00000, 0x000000070ac00000|  0%| F|  |TAMS 0x000000070aa00000, 0x000000070aa00000| Untracked 
|  75|0x000000070ac00000, 0x000000070ac00000, 0x000000070ae00000|  0%| F|  |TAMS 0x000000070ac00000, 0x000000070ac00000| Untracked 
|  76|0x000000070ae00000, 0x000000070ae00000, 0x000000070b000000|  0%| F|  |TAMS 0x000000070ae00000, 0x000000070ae00000| Untracked 
|  77|0x000000070b000000, 0x000000070b000000, 0x000000070b200000|  0%| F|  |TAMS 0x000000070b000000, 0x000000070b000000| Untracked 
|  78|0x000000070b200000, 0x000000070b200000, 0x000000070b400000|  0%| F|  |TAMS 0x000000070b200000, 0x000000070b200000| Untracked 
|  79|0x000000070b400000, 0x000000070b400000, 0x000000070b600000|  0%| F|  |TAMS 0x000000070b400000, 0x000000070b400000| Untracked 
|  80|0x000000070b600000, 0x000000070b600000, 0x000000070b800000|  0%| F|  |TAMS 0x000000070b600000, 0x000000070b600000| Untracked 
|  81|0x000000070b800000, 0x000000070b800000, 0x000000070ba00000|  0%| F|  |TAMS 0x000000070b800000, 0x000000070b800000| Untracked 
|  82|0x000000070ba00000, 0x000000070ba00000, 0x000000070bc00000|  0%| F|  |TAMS 0x000000070ba00000, 0x000000070ba00000| Untracked 
|  83|0x000000070bc00000, 0x000000070bc00000, 0x000000070be00000|  0%| F|  |TAMS 0x000000070bc00000, 0x000000070bc00000| Untracked 
|  84|0x000000070be00000, 0x000000070be00000, 0x000000070c000000|  0%| F|  |TAMS 0x000000070be00000, 0x000000070be00000| Untracked 
|  85|0x000000070c000000, 0x000000070c000000, 0x000000070c200000|  0%| F|  |TAMS 0x000000070c000000, 0x000000070c000000| Untracked 
|  86|0x000000070c200000, 0x000000070c200000, 0x000000070c400000|  0%| F|  |TAMS 0x000000070c200000, 0x000000070c200000| Untracked 
|  87|0x000000070c400000, 0x000000070c400000, 0x000000070c600000|  0%| F|  |TAMS 0x000000070c400000, 0x000000070c400000| Untracked 
|  88|0x000000070c600000, 0x000000070c600000, 0x000000070c800000|  0%| F|  |TAMS 0x000000070c600000, 0x000000070c600000| Untracked 
|  89|0x000000070c800000, 0x000000070c800000, 0x000000070ca00000|  0%| F|  |TAMS 0x000000070c800000, 0x000000070c800000| Untracked 
|  90|0x000000070ca00000, 0x000000070ca00000, 0x000000070cc00000|  0%| F|  |TAMS 0x000000070ca00000, 0x000000070ca00000| Untracked 
|  91|0x000000070cc00000, 0x000000070cc00000, 0x000000070ce00000|  0%| F|  |TAMS 0x000000070cc00000, 0x000000070cc00000| Untracked 
|  92|0x000000070ce00000, 0x000000070ce00000, 0x000000070d000000|  0%| F|  |TAMS 0x000000070ce00000, 0x000000070ce00000| Untracked 
|  93|0x000000070d000000, 0x000000070d000000, 0x000000070d200000|  0%| F|  |TAMS 0x000000070d000000, 0x000000070d000000| Untracked 
|  94|0x000000070d200000, 0x000000070d200000, 0x000000070d400000|  0%| F|  |TAMS 0x000000070d200000, 0x000000070d200000| Untracked 
|  95|0x000000070d400000, 0x000000070d400000, 0x000000070d600000|  0%| F|  |TAMS 0x000000070d400000, 0x000000070d400000| Untracked 
|  96|0x000000070d600000, 0x000000070d600000, 0x000000070d800000|  0%| F|  |TAMS 0x000000070d600000, 0x000000070d600000| Untracked 
|  97|0x000000070d800000, 0x000000070d800000, 0x000000070da00000|  0%| F|  |TAMS 0x000000070d800000, 0x000000070d800000| Untracked 
|  98|0x000000070da00000, 0x000000070da00000, 0x000000070dc00000|  0%| F|  |TAMS 0x000000070da00000, 0x000000070da00000| Untracked 
|  99|0x000000070dc00000, 0x000000070dc00000, 0x000000070de00000|  0%| F|  |TAMS 0x000000070dc00000, 0x000000070dc00000| Untracked 
| 100|0x000000070de00000, 0x000000070de00000, 0x000000070e000000|  0%| F|  |TAMS 0x000000070de00000, 0x000000070de00000| Untracked 
| 101|0x000000070e000000, 0x000000070e000000, 0x000000070e200000|  0%| F|  |TAMS 0x000000070e000000, 0x000000070e000000| Untracked 
| 102|0x000000070e200000, 0x000000070e200000, 0x000000070e400000|  0%| F|  |TAMS 0x000000070e200000, 0x000000070e200000| Untracked 
| 103|0x000000070e400000, 0x000000070e400000, 0x000000070e600000|  0%| F|  |TAMS 0x000000070e400000, 0x000000070e400000| Untracked 
| 104|0x000000070e600000, 0x000000070e600000, 0x000000070e800000|  0%| F|  |TAMS 0x000000070e600000, 0x000000070e600000| Untracked 
| 105|0x000000070e800000, 0x000000070e800000, 0x000000070ea00000|  0%| F|  |TAMS 0x000000070e800000, 0x000000070e800000| Untracked 
| 106|0x000000070ea00000, 0x000000070ea00000, 0x000000070ec00000|  0%| F|  |TAMS 0x000000070ea00000, 0x000000070ea00000| Untracked 
| 107|0x000000070ec00000, 0x000000070ec00000, 0x000000070ee00000|  0%| F|  |TAMS 0x000000070ec00000, 0x000000070ec00000| Untracked 
| 108|0x000000070ee00000, 0x000000070ee00000, 0x000000070f000000|  0%| F|  |TAMS 0x000000070ee00000, 0x000000070ee00000| Untracked 
| 109|0x000000070f000000, 0x000000070f000000, 0x000000070f200000|  0%| F|  |TAMS 0x000000070f000000, 0x000000070f000000| Untracked 
| 110|0x000000070f200000, 0x000000070f200000, 0x000000070f400000|  0%| F|  |TAMS 0x000000070f200000, 0x000000070f200000| Untracked 
| 111|0x000000070f400000, 0x000000070f400000, 0x000000070f600000|  0%| F|  |TAMS 0x000000070f400000, 0x000000070f400000| Untracked 
| 112|0x000000070f600000, 0x000000070f600000, 0x000000070f800000|  0%| F|  |TAMS 0x000000070f600000, 0x000000070f600000| Untracked 
| 113|0x000000070f800000, 0x000000070f800000, 0x000000070fa00000|  0%| F|  |TAMS 0x000000070f800000, 0x000000070f800000| Untracked 
| 114|0x000000070fa00000, 0x000000070fa00000, 0x000000070fc00000|  0%| F|  |TAMS 0x000000070fa00000, 0x000000070fa00000| Untracked 
| 115|0x000000070fc00000, 0x000000070fc00000, 0x000000070fe00000|  0%| F|  |TAMS 0x000000070fc00000, 0x000000070fc00000| Untracked 
| 116|0x000000070fe00000, 0x000000070fe00000, 0x0000000710000000|  0%| F|  |TAMS 0x000000070fe00000, 0x000000070fe00000| Untracked 
| 117|0x0000000710000000, 0x0000000710000000, 0x0000000710200000|  0%| F|  |TAMS 0x0000000710000000, 0x0000000710000000| Untracked 
| 118|0x0000000710200000, 0x0000000710200000, 0x0000000710400000|  0%| F|  |TAMS 0x0000000710200000, 0x0000000710200000| Untracked 
| 119|0x0000000710400000, 0x0000000710400000, 0x0000000710600000|  0%| F|  |TAMS 0x0000000710400000, 0x0000000710400000| Untracked 
| 120|0x0000000710600000, 0x0000000710600000, 0x0000000710800000|  0%| F|  |TAMS 0x0000000710600000, 0x0000000710600000| Untracked 
| 121|0x0000000710800000, 0x000000071095bae8, 0x0000000710a00000| 67%| E|  |TAMS 0x0000000710800000, 0x0000000710800000| Complete 
| 122|0x0000000710a00000, 0x0000000710c00000, 0x0000000710c00000|100%| E|CS|TAMS 0x0000000710a00000, 0x0000000710a00000| Complete 
| 123|0x0000000710c00000, 0x0000000710e00000, 0x0000000710e00000|100%| E|CS|TAMS 0x0000000710c00000, 0x0000000710c00000| Complete 
| 124|0x0000000710e00000, 0x0000000711000000, 0x0000000711000000|100%| E|CS|TAMS 0x0000000710e00000, 0x0000000710e00000| Complete 
| 125|0x0000000711000000, 0x0000000711200000, 0x0000000711200000|100%| E|CS|TAMS 0x0000000711000000, 0x0000000711000000| Complete 
| 126|0x0000000711200000, 0x0000000711400000, 0x0000000711400000|100%| E|CS|TAMS 0x0000000711200000, 0x0000000711200000| Complete 
| 127|0x0000000711400000, 0x0000000711600000, 0x0000000711600000|100%| E|CS|TAMS 0x0000000711400000, 0x0000000711400000| Complete 

Card table byte_map: [0x000001a556260000,0x000001a556a60000] _byte_map_base: 0x000001a552a55000

Marking Bits (Prev, Next): (CMBitMap*) 0x000001a53cb38b90, (CMBitMap*) 0x000001a53cb38bd0
 Prev Bits: [0x000001a557260000, 0x000001a55b208000)
 Next Bits: [0x000001a55b210000, 0x000001a55f1b8000)

Polling page: 0x000001a53cb80000

Metaspace:

Usage:
  Non-class:      2.82 MB used.
      Class:    159.68 KB used.
       Both:      2.98 MB used.

Virtual space:
  Non-class space:       64.00 MB reserved,       2.88 MB (  4%) committed,  1 nodes.
      Class space:        1.00 GB reserved,     256.00 KB ( <1%) committed,  1 nodes.
             Both:        1.06 GB reserved,       3.12 MB ( <1%) committed. 

Chunk freelists:
   Non-Class:  10.27 MB
       Class:  15.66 MB
        Both:  25.92 MB

MaxMetaspaceSize: unlimited
CompressedClassSpaceSize: 1.00 GB
Initial GC threshold: 21.00 MB
Current GC threshold: 21.00 MB
CDS: on
MetaspaceReclaimPolicy: balanced
 - commit_granule_bytes: 65536.
 - commit_granule_words: 8192.
 - virtual_space_node_default_size: 8388608.
 - enlarge_chunks_in_place: 1.
 - new_chunks_are_fully_committed: 0.
 - uncommit_free_chunks: 1.
 - use_allocation_guard: 0.
 - handle_deallocations: 1.


Internal statistics:

num_allocs_failed_limit: 0.
num_arena_births: 62.
num_arena_deaths: 0.
num_vsnodes_births: 2.
num_vsnodes_deaths: 0.
num_space_committed: 50.
num_space_uncommitted: 0.
num_chunks_returned_to_freelist: 0.
num_chunks_taken_from_freelist: 141.
num_chunk_merges: 0.
num_chunk_splits: 99.
num_chunks_enlarged: 70.
num_inconsistent_stats: 0.

CodeHeap 'non-profiled nmethods': size=120000Kb used=227Kb max_used=227Kb free=119772Kb
 bounds [0x000001a54d890000, 0x000001a54db00000, 0x000001a554dc0000]
CodeHeap 'profiled nmethods': size=120000Kb used=990Kb max_used=990Kb free=119009Kb
 bounds [0x000001a545dc0000, 0x000001a546030000, 0x000001a54d2f0000]
CodeHeap 'non-nmethods': size=5760Kb used=1562Kb max_used=1584Kb free=4197Kb
 bounds [0x000001a54d2f0000, 0x000001a54d560000, 0x000001a54d890000]
 total_blobs=1575 nmethods=597 adapters=891
 compilation: enabled
              stopped_count=0, restarted_count=0
 full_count=0

Compilation events (20 events):
Event: 0.231 Thread 0x000001a5a70249f0  585       1       java.security.CodeSource::getLocation (5 bytes)
Event: 0.231 Thread 0x000001a5a70249f0 nmethod 585 0x000001a54d8c1510 code [0x000001a54d8c16a0, 0x000001a54d8c1778]
Event: 0.232 Thread 0x000001a5a76f7560 nmethod 568 0x000001a54d8c1810 code [0x000001a54d8c19a0, 0x000001a54d8c1f28]
Event: 0.232 Thread 0x000001a5a76f7560  563       4       java.util.Objects::requireNonNull (15 bytes)
Event: 0.232 Thread 0x000001a5a76f7560 nmethod 563 0x000001a54d8c2310 code [0x000001a54d8c2480, 0x000001a54d8c24f8]
Event: 0.232 Thread 0x000001a5a76f7560  546   !   4       java.util.zip.ZipFile::getEntry (59 bytes)
Event: 0.235 Thread 0x000001a5a70249f0  588       3       sun.misc.Unsafe::putLong (11 bytes)
Event: 0.235 Thread 0x000001a5a70249f0 nmethod 588 0x000001a545eb5610 code [0x000001a545eb57a0, 0x000001a545eb58b8]
Event: 0.235 Thread 0x000001a5a70249f0  589       3       org.lwjgl.system.MemoryUtil::memPutAddress (29 bytes)
Event: 0.235 Thread 0x000001a5a70249f0 nmethod 589 0x000001a545eb5990 code [0x000001a545eb5b40, 0x000001a545eb5d38]
Event: 0.236 Thread 0x000001a5a70249f0  592       3       java.lang.StringConcatHelper::stringOf (20 bytes)
Event: 0.237 Thread 0x000001a5a70249f0 nmethod 592 0x000001a545eb5e10 code [0x000001a545eb5fc0, 0x000001a545eb6208]
Event: 0.237 Thread 0x000001a5a70249f0  593       3       java.lang.StringConcatHelper::mix (27 bytes)
Event: 0.237 Thread 0x000001a5a70249f0 nmethod 593 0x000001a545eb6310 code [0x000001a545eb64e0, 0x000001a545eb6908]
Event: 0.237 Thread 0x000001a5a70249f0  594       3       java.lang.StringConcatHelper::checkOverflow (17 bytes)
Event: 0.237 Thread 0x000001a5a70249f0 nmethod 594 0x000001a545eb6b10 code [0x000001a545eb6cc0, 0x000001a545eb6ea8]
Event: 0.237 Thread 0x000001a5a70249f0  595       3       java.lang.StringConcatHelper::prepend (37 bytes)
Event: 0.237 Thread 0x000001a5a70249f0 nmethod 595 0x000001a545eb6f90 code [0x000001a545eb7160, 0x000001a545eb7438]
Event: 0.237 Thread 0x000001a5a70249f0  596       3       java.lang.String::getBytes (44 bytes)
Event: 0.237 Thread 0x000001a5a70249f0 nmethod 596 0x000001a545eb7590 code [0x000001a545eb7760, 0x000001a545eb7a78]

GC Heap History (0 events):
No events

Dll operation events (9 events):
Event: 0.004 Loaded shared library C:\Program Files\Eclipse Adoptium\jdk-17.0.8.101-hotspot\bin\java.dll
Event: 0.017 Loaded shared library C:\Program Files\Eclipse Adoptium\jdk-17.0.8.101-hotspot\bin\jsvml.dll
Event: 0.072 Loaded shared library C:\Program Files\Eclipse Adoptium\jdk-17.0.8.101-hotspot\bin\net.dll
Event: 0.073 Loaded shared library C:\Program Files\Eclipse Adoptium\jdk-17.0.8.101-hotspot\bin\nio.dll
Event: 0.075 Loaded shared library C:\Program Files\Eclipse Adoptium\jdk-17.0.8.101-hotspot\bin\zip.dll
Event: 0.118 Loaded shared library C:\Program Files\Eclipse Adoptium\jdk-17.0.8.101-hotspot\bin\verify.dll
Event: 0.177 Loaded shared library C:\Program Files\Eclipse Adoptium\jdk-17.0.8.101-hotspot\bin\jimage.dll
Event: 0.198 Loaded shared library C:\Users\Zanovello\AppData\Local\Temp\lwjglZanovello\3.3.1-build-7\lwjgl.dll
Event: 0.203 Loaded shared library C:\Users\Zanovello\AppData\Local\Temp\lwjglZanovello\3.3.1-build-7\lwjgl_opengl.dll

Deoptimization events (20 events):
Event: 0.197 Thread 0x000001a53ca5e010 DEOPT PACKING pc=0x000001a54d89bdc0 sp=0x00000060a9ffbef0
Event: 0.197 Thread 0x000001a53ca5e010 DEOPT UNPACKING pc=0x000001a54d3469a3 sp=0x00000060a9ffbe78 mode 2
Event: 0.201 Thread 0x000001a53ca5e010 Uncommon trap: trap_request=0xffffffde fr.pc=0x000001a54d8b6ed0 relative=0x0000000000000410
Event: 0.201 Thread 0x000001a53ca5e010 Uncommon trap: reason=class_check action=maybe_recompile pc=0x000001a54d8b6ed0 method=java.util.HashMap.getNode(Ljava/lang/Object;)Ljava/util/HashMap$Node; @ 128 c2
Event: 0.201 Thread 0x000001a53ca5e010 DEOPT PACKING pc=0x000001a54d8b6ed0 sp=0x00000060a9ffc970
Event: 0.201 Thread 0x000001a53ca5e010 DEOPT UNPACKING pc=0x000001a54d3469a3 sp=0x00000060a9ffc888 mode 2
Event: 0.216 Thread 0x000001a53ca5e010 DEOPT PACKING pc=0x000001a545e877e5 sp=0x00000060a9ffa330
Event: 0.216 Thread 0x000001a53ca5e010 DEOPT UNPACKING pc=0x000001a54d347143 sp=0x00000060a9ff9780 mode 0
Event: 0.220 Thread 0x000001a53ca5e010 DEOPT PACKING pc=0x000001a545e877e5 sp=0x00000060a9ffaba0
Event: 0.220 Thread 0x000001a53ca5e010 DEOPT UNPACKING pc=0x000001a54d347143 sp=0x00000060a9ff9ff0 mode 0
Event: 0.222 Thread 0x000001a53ca5e010 DEOPT PACKING pc=0x000001a545e180db sp=0x00000060a9ffaa20
Event: 0.222 Thread 0x000001a53ca5e010 DEOPT UNPACKING pc=0x000001a54d347143 sp=0x00000060a9ff9f40 mode 0
Event: 0.223 Thread 0x000001a53ca5e010 DEOPT PACKING pc=0x000001a545e877e5 sp=0x00000060a9ffb150
Event: 0.223 Thread 0x000001a53ca5e010 DEOPT UNPACKING pc=0x000001a54d347143 sp=0x00000060a9ffa5a0 mode 0
Event: 0.228 Thread 0x000001a53ca5e010 Uncommon trap: trap_request=0xffffffde fr.pc=0x000001a54d8b6e64 relative=0x00000000000003a4
Event: 0.228 Thread 0x000001a53ca5e010 Uncommon trap: reason=class_check action=maybe_recompile pc=0x000001a54d8b6e64 method=java.util.HashMap.getNode(Ljava/lang/Object;)Ljava/util/HashMap$Node; @ 63 c2
Event: 0.228 Thread 0x000001a53ca5e010 DEOPT PACKING pc=0x000001a54d8b6e64 sp=0x00000060a9ffa1f0
Event: 0.228 Thread 0x000001a53ca5e010 DEOPT UNPACKING pc=0x000001a54d3469a3 sp=0x00000060a9ffa108 mode 2
Event: 0.230 Thread 0x000001a53ca5e010 DEOPT PACKING pc=0x000001a545e877e5 sp=0x00000060a9ff99a0
Event: 0.230 Thread 0x000001a53ca5e010 DEOPT UNPACKING pc=0x000001a54d347143 sp=0x00000060a9ff8df0 mode 0

Classes unloaded (0 events):
No events

Classes redefined (0 events):
No events

Internal exceptions (20 events):
Event: 0.156 Thread 0x000001a53ca5e010 Exception <a 'java/lang/NoSuchMethodError'{0x0000000710c3e548}: 'void java.lang.invoke.DirectMethodHandle$Holder.invokeStatic(java.lang.Object, java.lang.Object)'> (0x0000000710c3e548) 
thrown [s\src\hotspot\share\interpreter\linkResolver.cpp, line 759]
Event: 0.158 Thread 0x000001a53ca5e010 Exception <a 'java/lang/NoSuchMethodError'{0x0000000710c4be80}: 'void java.lang.invoke.DirectMethodHandle$Holder.invokeSpecial(java.lang.Object, java.lang.Object, java.lang.Object)'> (0x0000000710c4be80) 
thrown [s\src\hotspot\share\interpreter\linkResolver.cpp, line 759]
Event: 0.160 Thread 0x000001a53ca5e010 Exception <a 'java/lang/NoSuchMethodError'{0x0000000710c60768}: 'java.lang.Object java.lang.invoke.DirectMethodHandle$Holder.invokeStatic(java.lang.Object, java.lang.Object, int)'> (0x0000000710c60768) 
thrown [s\src\hotspot\share\interpreter\linkResolver.cpp, line 759]
Event: 0.161 Thread 0x000001a53ca5e010 Exception <a 'java/lang/NoSuchMethodError'{0x0000000710c6c5d0}: 'void java.lang.invoke.DelegatingMethodHandle$Holder.delegate(java.lang.Object, java.lang.Object, int, java.lang.Object)'> (0x0000000710c6c5d0) 
thrown [s\src\hotspot\share\interpreter\linkResolver.cpp, line 759]
Event: 0.161 Thread 0x000001a53ca5e010 Exception <a 'java/lang/NoSuchMethodError'{0x0000000710c70810}: 'int java.lang.invoke.DirectMethodHandle$Holder.invokeSpecial(java.lang.Object, java.lang.Object, java.lang.Object)'> (0x0000000710c70810) 
thrown [s\src\hotspot\share\interpreter\linkResolver.cpp, line 759]
Event: 0.197 Thread 0x000001a53ca5e010 Exception <a 'sun/nio/fs/WindowsException'{0x0000000710a64a20}> (0x0000000710a64a20) 
thrown [s\src\hotspot\share\prims\jni.cpp, line 516]
Event: 0.197 Thread 0x000001a53ca5e010 Exception <a 'sun/nio/fs/WindowsException'{0x0000000710a64fa0}> (0x0000000710a64fa0) 
thrown [s\src\hotspot\share\prims\jni.cpp, line 516]
Event: 0.202 Thread 0x000001a53ca5e010 Exception <a 'sun/nio/fs/WindowsException'{0x0000000710a81a98}> (0x0000000710a81a98) 
thrown [s\src\hotspot\share\prims\jni.cpp, line 516]
Event: 0.202 Thread 0x000001a53ca5e010 Exception <a 'sun/nio/fs/WindowsException'{0x0000000710a81e68}> (0x0000000710a81e68) 
thrown [s\src\hotspot\share\prims\jni.cpp, line 516]
Event: 0.205 Thread 0x000001a53ca5e010 Exception <a 'sun/nio/fs/WindowsException'{0x0000000710a95dc0}> (0x0000000710a95dc0) 
thrown [s\src\hotspot\share\prims\jni.cpp, line 516]
Event: 0.205 Thread 0x000001a53ca5e010 Exception <a 'sun/nio/fs/WindowsException'{0x0000000710a960c0}> (0x0000000710a960c0) 
thrown [s\src\hotspot\share\prims\jni.cpp, line 516]
Event: 0.210 Thread 0x000001a53ca5e010 Exception <a 'java/lang/NoSuchMethodError'{0x0000000710b05628}: 'java.lang.Object java.lang.invoke.DirectMethodHandle$Holder.invokeStaticInit(java.lang.Object)'> (0x0000000710b05628) 
thrown [s\src\hotspot\share\interpreter\linkResolver.cpp, line 759]
Event: 0.212 Thread 0x000001a53ca5e010 Exception <a 'java/lang/NoSuchMethodError'{0x0000000710b274a0}: 'int java.lang.invoke.DirectMethodHandle$Holder.invokeStaticInit(java.lang.Object, java.lang.Object, int, long)'> (0x0000000710b274a0) 
thrown [s\src\hotspot\share\interpreter\linkResolver.cpp, line 759]
Event: 0.213 Thread 0x000001a53ca5e010 Exception <a 'java/lang/NoSuchMethodError'{0x0000000710b2d010}: 'java.lang.Object java.lang.invoke.DirectMethodHandle$Holder.newInvokeSpecial(java.lang.Object, java.lang.Object, int)'> (0x0000000710b2d010) 
thrown [s\src\hotspot\share\interpreter\linkResolver.cpp, line 759]
Event: 0.214 Thread 0x000001a53ca5e010 Exception <a 'java/lang/NoSuchMethodError'{0x0000000710b49170}: 'int java.lang.invoke.DirectMethodHandle$Holder.invokeStaticInit(java.lang.Object, java.lang.Object, long, long)'> (0x0000000710b49170) 
thrown [s\src\hotspot\share\interpreter\linkResolver.cpp, line 759]
Event: 0.215 Thread 0x000001a53ca5e010 Exception <a 'java/lang/NoSuchMethodError'{0x0000000710b4f528}: 'java.lang.Object java.lang.invoke.DirectMethodHandle$Holder.newInvokeSpecial(java.lang.Object, java.lang.Object, long)'> (0x0000000710b4f528) 
thrown [s\src\hotspot\share\interpreter\linkResolver.cpp, line 759]
Event: 0.215 Thread 0x000001a53ca5e010 Exception <a 'java/lang/NoSuchMethodError'{0x0000000710b53818}: 'java.lang.Object java.lang.invoke.Invokers$Holder.linkToTargetMethod(java.lang.Object, long, java.lang.Object)'> (0x0000000710b53818) 
thrown [s\src\hotspot\share\interpreter\linkResolver.cpp, line 759]
Event: 0.215 Thread 0x000001a53ca5e010 Exception <a 'java/lang/NoSuchMethodError'{0x0000000710b5b180}: 'int java.lang.invoke.DirectMethodHandle$Holder.invokeStaticInit(java.lang.Object, java.lang.Object, java.lang.Object, long)'> (0x0000000710b5b180) 
thrown [s\src\hotspot\share\interpreter\linkResolver.cpp, line 759]
Event: 0.229 Thread 0x000001a53ca5e010 Exception <a 'sun/nio/fs/WindowsException'{0x00000007108687b8}> (0x00000007108687b8) 
thrown [s\src\hotspot\share\prims\jni.cpp, line 516]
Event: 0.229 Thread 0x000001a53ca5e010 Exception <a 'sun/nio/fs/WindowsException'{0x0000000710868b78}> (0x0000000710868b78) 
thrown [s\src\hotspot\share\prims\jni.cpp, line 516]

VM Operations (6 events):
Event: 0.075 Executing VM operation: HandshakeAllThreads
Event: 0.075 Executing VM operation: HandshakeAllThreads done
Event: 0.160 Executing VM operation: HandshakeAllThreads
Event: 0.160 Executing VM operation: HandshakeAllThreads done
Event: 0.194 Executing VM operation: HandshakeAllThreads
Event: 0.194 Executing VM operation: HandshakeAllThreads done

Events (20 events):
Event: 0.211 loading class java/nio/DirectFloatBufferU done
Event: 0.211 loading class java/nio/DirectDoubleBufferU
Event: 0.211 loading class java/nio/DirectDoubleBufferU done
Event: 0.211 loading class sun/misc/Unsafe
Event: 0.211 loading class sun/misc/Unsafe done
Event: 0.211 loading class jdk/internal/reflect/UnsafeFieldAccessorFactory
Event: 0.211 loading class jdk/internal/reflect/UnsafeFieldAccessorFactory done
Event: 0.211 loading class jdk/internal/reflect/UnsafeQualifiedStaticObjectFieldAccessorImpl
Event: 0.211 loading class jdk/internal/reflect/UnsafeQualifiedStaticFieldAccessorImpl
Event: 0.211 loading class jdk/internal/reflect/UnsafeQualifiedStaticFieldAccessorImpl done
Event: 0.211 loading class jdk/internal/reflect/UnsafeQualifiedStaticObjectFieldAccessorImpl done
Event: 0.212 loading class java/util/function/LongPredicate
Event: 0.212 loading class java/util/function/LongPredicate done
Event: 0.213 loading class jdk/internal/access/foreign/MemorySegmentProxy
Event: 0.213 loading class jdk/internal/access/foreign/MemorySegmentProxy done
Event: 0.216 loading class java/nio/InvalidMarkException
Event: 0.216 loading class java/nio/InvalidMarkException done
Event: 0.216 loading class java/nio/BufferUnderflowException
Event: 0.216 loading class java/nio/BufferUnderflowException done
Event: 0.220 Thread 0x000001a5a76f7560 Thread added: 0x000001a5a76f7560


Dynamic libraries:
0x00007ff6b1030000 - 0x00007ff6b103e000 	C:\Program Files\Eclipse Adoptium\jdk-17.0.8.101-hotspot\bin\java.exe
0x00007ffac7cd0000 - 0x00007ffac7ec8000 	C:\Windows\SYSTEM32\ntdll.dll
0x00007ffac76e0000 - 0x00007ffac779d000 	C:\Windows\System32\KERNEL32.DLL
0x00007ffac5510000 - 0x00007ffac5806000 	C:\Windows\System32\KERNELBASE.dll
0x00007ffac5c30000 - 0x00007ffac5d30000 	C:\Windows\System32\ucrtbase.dll
0x00007ffab15c0000 - 0x00007ffab15d7000 	C:\Program Files\Eclipse Adoptium\jdk-17.0.8.101-hotspot\bin\jli.dll
0x00007ffaadc60000 - 0x00007ffaadc79000 	C:\Program Files\Eclipse Adoptium\jdk-17.0.8.101-hotspot\bin\VCRUNTIME140.dll
0x00007ffac6d00000 - 0x00007ffac6e9e000 	C:\Windows\System32\USER32.dll
0x00007ffac54e0000 - 0x00007ffac5502000 	C:\Windows\System32\win32u.dll
0x00007ffab5bd0000 - 0x00007ffab5e6a000 	C:\Windows\WinSxS\amd64_microsoft.windows.common-controls_6595b64144ccf1df_6.0.19041.3636_none_60b6a03d71f818d5\COMCTL32.dll
0x00007ffac6730000 - 0x00007ffac675c000 	C:\Windows\System32\GDI32.dll
0x00007ffac5a70000 - 0x00007ffac5b8a000 	C:\Windows\System32\gdi32full.dll
0x00007ffac6c60000 - 0x00007ffac6cfe000 	C:\Windows\System32\msvcrt.dll
0x00007ffac5b90000 - 0x00007ffac5c2d000 	C:\Windows\System32\msvcp_win.dll
0x00007ffac6670000 - 0x00007ffac66a0000 	C:\Windows\System32\IMM32.DLL
0x00007ffab1cd0000 - 0x00007ffab1cdc000 	C:\Program Files\Eclipse Adoptium\jdk-17.0.8.101-hotspot\bin\vcruntime140_1.dll
0x00007ffaab240000 - 0x00007ffaab2d1000 	C:\Program Files\Eclipse Adoptium\jdk-17.0.8.101-hotspot\bin\msvcp140.dll
0x00007ffa38320000 - 0x00007ffa38f6c000 	C:\Program Files\Eclipse Adoptium\jdk-17.0.8.101-hotspot\bin\server\jvm.dll
0x00007ffac78d0000 - 0x00007ffac797f000 	C:\Windows\System32\ADVAPI32.dll
0x00007ffac7ab0000 - 0x00007ffac7b4c000 	C:\Windows\System32\sechost.dll
0x00007ffac77a0000 - 0x00007ffac78c6000 	C:\Windows\System32\RPCRT4.dll
0x00007ffac2970000 - 0x00007ffac2979000 	C:\Windows\SYSTEM32\WSOCK32.dll
0x00007ffac4b10000 - 0x00007ffac4b5b000 	C:\Windows\SYSTEM32\POWRPROF.dll
0x00007ffabd100000 - 0x00007ffabd127000 	C:\Windows\SYSTEM32\WINMM.dll
0x00007ffac7160000 - 0x00007ffac71cb000 	C:\Windows\System32\WS2_32.dll
0x00007ffabddd0000 - 0x00007ffabddda000 	C:\Windows\SYSTEM32\VERSION.dll
0x00007ffac4af0000 - 0x00007ffac4b02000 	C:\Windows\SYSTEM32\UMPDC.dll
0x00007ffac3250000 - 0x00007ffac3262000 	C:\Windows\SYSTEM32\kernel.appcore.dll
0x00007ffab15b0000 - 0x00007ffab15ba000 	C:\Program Files\Eclipse Adoptium\jdk-17.0.8.101-hotspot\bin\jimage.dll
0x00007ffab4380000 - 0x00007ffab4564000 	C:\Windows\SYSTEM32\DBGHELP.DLL
0x00007ffab4320000 - 0x00007ffab4354000 	C:\Windows\SYSTEM32\dbgcore.DLL
0x00007ffac59e0000 - 0x00007ffac5a62000 	C:\Windows\System32\bcryptPrimitives.dll
0x00007ffaad820000 - 0x00007ffaad845000 	C:\Program Files\Eclipse Adoptium\jdk-17.0.8.101-hotspot\bin\java.dll
0x00007ffaa5770000 - 0x00007ffaa5846000 	C:\Program Files\Eclipse Adoptium\jdk-17.0.8.101-hotspot\bin\jsvml.dll
0x00007ffac5d30000 - 0x00007ffac6475000 	C:\Windows\System32\SHELL32.dll
0x00007ffac3450000 - 0x00007ffac3beb000 	C:\Windows\SYSTEM32\windows.storage.dll
0x00007ffac71d0000 - 0x00007ffac7524000 	C:\Windows\System32\combase.dll
0x00007ffac4d10000 - 0x00007ffac4d3d000 	C:\Windows\SYSTEM32\Wldp.dll
0x00007ffac7a00000 - 0x00007ffac7aad000 	C:\Windows\System32\SHCORE.dll
0x00007ffac7c20000 - 0x00007ffac7c75000 	C:\Windows\System32\shlwapi.dll
0x00007ffac52e0000 - 0x00007ffac5305000 	C:\Windows\SYSTEM32\profapi.dll
0x00007ffaad640000 - 0x00007ffaad659000 	C:\Program Files\Eclipse Adoptium\jdk-17.0.8.101-hotspot\bin\net.dll
0x00007ffabf2a0000 - 0x00007ffabf3aa000 	C:\Windows\SYSTEM32\WINHTTP.dll
0x00007ffac4a80000 - 0x00007ffac4aea000 	C:\Windows\system32\mswsock.dll
0x00007ffaad570000 - 0x00007ffaad585000 	C:\Program Files\Eclipse Adoptium\jdk-17.0.8.101-hotspot\bin\nio.dll
0x00007ffaad550000 - 0x00007ffaad568000 	C:\Program Files\Eclipse Adoptium\jdk-17.0.8.101-hotspot\bin\zip.dll
0x00007ffaadc50000 - 0x00007ffaadc60000 	C:\Program Files\Eclipse Adoptium\jdk-17.0.8.101-hotspot\bin\verify.dll
0x00007ffaaa410000 - 0x00007ffaaa485000 	C:\Users\Zanovello\AppData\Local\Temp\lwjglZanovello\3.3.1-build-7\lwjgl.dll
0x00007ffaab690000 - 0x00007ffaab6ed000 	C:\Users\Zanovello\AppData\Local\Temp\lwjglZanovello\3.3.1-build-7\lwjgl_opengl.dll
0x00007ffaac3e0000 - 0x00007ffaac505000 	C:\Windows\SYSTEM32\opengl32.dll
0x00007ffab7270000 - 0x00007ffab729c000 	C:\Windows\SYSTEM32\GLU32.dll
0x00007ffa44db0000 - 0x00007ffa45009000 	C:\Users\ZANOVE~1\AppData\Local\Temp\lwjglZanovello\3.3.1-build-7\jemalloc.dll

dbghelp: loaded successfully - version: 4.0.5 - missing functions: none
symbol engine: initialized successfully - sym options: 0x614 - pdb path: .;C:\Program Files\Eclipse Adoptium\jdk-17.0.8.101-hotspot\bin;C:\Windows\SYSTEM32;C:\Windows\WinSxS\amd64_microsoft.windows.common-controls_6595b64144ccf1df_6.0.19041.3636_none_60b6a03d71f818d5;C:\Program Files\Eclipse Adoptium\jdk-17.0.8.101-hotspot\bin\server;C:\Users\Zanovello\AppData\Local\Temp\lwjglZanovello\3.3.1-build-7;C:\Users\ZANOVE~1\AppData\Local\Temp\lwjglZanovello\3.3.1-build-7

VM Arguments:
jvm_args: -Dfile.encoding=windows-1252 -Duser.country=IT -Duser.language=it -Duser.variant 
java_command: com.zano.test.Launcher
java_class_path (initial): D:\.Mattia\Programmazione\Java\Grafi3D\build\classes\java\main;D:\.Mattia\Programmazione\Java\Grafi3D\build\resources\main;C:\Users\Zanovello\.gradle\caches\modules-2\files-2.1\org.lwjgl\lwjgl-assimp\3.3.1\312072f451794f25670aebb0160ce6ec88aff842\lwjgl-assimp-3.3.1.jar;C:\Users\Zanovello\.gradle\caches\modules-2\files-2.1\org.lwjgl\lwjgl-assimp\3.3.1\bfa2a0d57acbf952b716d0ad8a3acbd7ad9f5639\lwjgl-assimp-3.3.1-natives-windows.jar;C:\Users\Zanovello\.gradle\caches\modules-2\files-2.1\org.lwjgl\lwjgl-bgfx\3.3.1\4243b7d255d885980f10c36edfb678729493685e\lwjgl-bgfx-3.3.1.jar;C:\Users\Zanovello\.gradle\caches\modules-2\files-2.1\org.lwjgl\lwjgl-bgfx\3.3.1\12f22e13c99db9153124dbc17b84fe0233c6f3d5\lwjgl-bgfx-3.3.1-natives-windows.jar;C:\Users\Zanovello\.gradle\caches\modules-2\files-2.1\org.lwjgl\lwjgl-cuda\3.3.1\8b67bd7760450f890eade8f74bfaf0dca10821fe\lwjgl-cuda-3.3.1.jar;C:\Users\Zanovello\.gradle\caches\modules-2\files-2.1\org.lwjgl\lwjgl-egl\3.3.1\8399e6734ad7d97d2e1f865b2c6c5232d5126dca\lwjgl-egl-3.3.1.jar;C:\Users\Zanovello\.gradle\caches\modules-2\files-2.1\org.lwjgl\lwjgl-glfw\3.3.1\cbac1b8d30cb4795149c1ef540f912671a8616d0\lwjgl-glfw-3.3.1.jar;C:\Users\Zanovello\.gradle\caches\modules-2\files-2.1\org.lwjgl\lwjgl-glfw\3.3.1\ed892f945cf7e79c8756796f32d00fa4ceaf573b\lwjgl-glfw-3.3.1-natives-windows.jar;C:\Users\Zanovello\.gradle\caches\modules-2\files-2.1\org.lwjgl\lwjgl-jawt\3.3.1\30330b16b809655d42f4951ece57f425cce43ce2\lwjgl-jawt-3.3.1.jar;C:\Users\Zanovello\.gradle\caches\modules-2\files-2.1\org.lwjgl\lwjgl-jemalloc\3.3.1\a817bcf213db49f710603677457567c37d53e103\lwjgl-jemalloc-3.3.1.jar;C:\Users\Zanovello\.gradle\caches\modules-2\files-2.1\org.lwjgl\lwjgl-jemalloc\3.3.1\948a89b76a16aa324b046ae9308891216ffce5f9\lwjgl-jemalloc-3.3.1-natives-windows.jar;C:\Users\Zanovello\.gradle\caches\modules-2\files-2.1\org.lwjgl\lwjgl-libdivide\3.3.1\ed21d21e4f3d508908ef1a23d885e73983f244ea\lwjgl-libdivide-3.3.1.jar;C:\Users\Zanovello\.gradle\caches\mo
Launcher Type: SUN_STANDARD

[Global flags]
     intx CICompilerCount                          = 4                                         {product} {ergonomic}
     uint ConcGCThreads                            = 3                                         {product} {ergonomic}
     uint G1ConcRefinementThreads                  = 10                                        {product} {ergonomic}
   size_t G1HeapRegionSize                         = 2097152                                   {product} {ergonomic}
    uintx GCDrainStackTargetSize                   = 64                                        {product} {ergonomic}
   size_t InitialHeapSize                          = 268435456                                 {product} {ergonomic}
   size_t MarkStackSize                            = 4194304                                   {product} {ergonomic}
   size_t MaxHeapSize                              = 4271898624                                {product} {ergonomic}
   size_t MaxNewSize                               = 2562719744                                {product} {ergonomic}
   size_t MinHeapDeltaBytes                        = 2097152                                   {product} {ergonomic}
   size_t MinHeapSize                              = 8388608                                   {product} {ergonomic}
    uintx NonNMethodCodeHeapSize                   = 5839372                                {pd product} {ergonomic}
    uintx NonProfiledCodeHeapSize                  = 122909434                              {pd product} {ergonomic}
    uintx ProfiledCodeHeapSize                     = 122909434                              {pd product} {ergonomic}
    uintx ReservedCodeCacheSize                    = 251658240                              {pd product} {ergonomic}
     bool SegmentedCodeCache                       = true                                      {product} {ergonomic}
   size_t SoftMaxHeapSize                          = 4271898624                             {manageable} {ergonomic}
     bool UseCompressedClassPointers               = true                           {product lp64_product} {ergonomic}
     bool UseCompressedOops                        = true                           {product lp64_product} {ergonomic}
     bool UseG1GC                                  = true                                      {product} {ergonomic}
     bool UseLargePagesIndividualAllocation        = false                                  {pd product} {ergonomic}

Logging:
Log output configuration:
 #0: stdout all=warning uptime,level,tags
 #1: stderr all=off uptime,level,tags

Environment Variables:
PATH=C:\Program Files\Eclipse Adoptium\jdk-20.0.2.9-hotspot\bin;D:\.Mattia\Programmazione\C++\Library\VulkanSDK\SDK\Bin;C:\Program Files\Eclipse Adoptium\jdk-17.0.8.101-hotspot\bin;C:\Program Files\Eclipse Adoptium\jdk-8.0.382.5-hotspot\bin;C:\Program Files\Eclipse Adoptium\jdk-11.0.20.101-hotspot\bin;C:\Windows\system32;C:\Windows;C:\Windows\System32\Wbem;C:\Windows\System32\WindowsPowerShell\v1.0\;C:\Windows\System32\OpenSSH\;D:\Programmi\Msys\App\mingw64\bin;C:\Program Files (x86)\Windows Kits\10\Windows Performance Toolkit\;D:\Programmi\Msys\App\ucrt64\bin;D:\Programmi\Putty\App\;C:\Users\Zanovello\AppData\Local\Programs\Python\Python311\Scripts\;C:\Users\Zanovello\AppData\Local\Programs\Python\Python311\;C:\Users\Zanovello\AppData\Local\Microsoft\WindowsApps;D:\Programmi\VisualStudioCode\App\Microsoft VS Code\bin;
USERNAME=Zanovello
OS=Windows_NT
PROCESSOR_IDENTIFIER=AMD64 Family 25 Model 33 Stepping 0, AuthenticAMD
TMP=C:\Users\ZANOVE~1\AppData\Local\Temp
TEMP=C:\Users\ZANOVE~1\AppData\Local\Temp



---------------  S Y S T E M  ---------------

OS:
 Windows 10 , 64 bit Build 19041 (10.0.19041.3636)
OS uptime: 7 days 7:04 hours
Hyper-V role detected

CPU: total 12 (initial active 12) (12 cores per cpu, 2 threads per core) family 25 model 33 stepping 0 microcode 0x0, cx8, cmov, fxsr, ht, mmx, 3dnowpref, sse, sse2, sse3, ssse3, sse4a, sse4.1, sse4.2, popcnt, lzcnt, tsc, tscinvbit, avx, avx2, aes, erms, clmul, bmi1, bmi2, adx, sha, fma, vzeroupper, clflush, clflushopt, hv
Processor Information for all 12 processors :
  Max Mhz: 3701, Current Mhz: 3701, Mhz Limit: 3701

Memory: 4k page, system-wide physical 16292M (4712M free)
TotalPageFile size 25143M (AvailPageFile size 3131M)
current process WorkingSet (physical memory assigned to process): 61M, peak: 63M
current process commit charge ("private bytes"): 375M, peak: 376M

vm_info: OpenJDK 64-Bit Server VM (17.0.8.1+1) for windows-amd64 JRE (17.0.8.1+1), built on Aug 23 2023 15:29:17 by "admin" with MS VC++ 16.7 (VS2019)

END.
